1550316639512	mozrunner::runner	INFO	Running command: "C:\\Program Files\\Mozilla Firefox\\firefox.exe" "-marionette" "-foreground" "-no-remote" "-profile" "C:\\Users\\G7\\AppData\\Local\\Temp\\rust_mozprofile.GI0rLMyYbeSL"
1550316641212	addons.webextension.screenshots@mozilla.org	WARN	Loading extension 'screenshots@mozilla.org': Reading manifest: Invalid host permission: resource://pdf.js/
1550316641213	addons.webextension.screenshots@mozilla.org	WARN	Loading extension 'screenshots@mozilla.org': Reading manifest: Invalid host permission: about:reader*
1550316643611	Marionette	INFO	Listening on port 53339
1550316643856	Marionette	WARN	TLS certificate errors will be ignored for this session
JavaScript error: https://resources.g7s.huoyunren.com/??/js/libs/jquery-2.0.2.min.js,/js/libs/jquery-ui-1.10.3.min.js,/js/bootstrap/bootstrap.min.js,/js/yepnopejs/yepnope.1.5.4-min.js,/js/notification/SmartNotification.min.js,/js/smartwidgets/jarvis.widget.min.js,/js/plugin/easy-pie-chart/jquery.easy-pie-chart.min.js,/js/plugin/sparkline/jquery.sparkline.min.js,/js/plugin/jquery-validate/jquery.validate.min.js,/js/plugin/masked-input/jquery.maskedinput.min.js,/js/plugin/select2/select2.js,/js/plugin/bootstrap-slider/bootstrap-slider.min.js,/js/plugin/msie-fix/jquery.mb.browser.min.js,/js/plugin/smartclick/smartclick.js,/js/plugin/jquerycookie/jquery.cookie.js,/js/plugin/jquery-validate/jquery.validate.ext.js,/js/blackbirdjs/blackbird.js,/js/plugin/jquery-validate/messages_bs_zh.js,/js/plugin/blockui/jquery.blockUI.js,/js/plugin/iframeresizer/js/iframeResizer.contentWindow.min.js,/js/plugin/date/moment.js,/js/plugin/date/daterangepicker.js, line 28: TypeError: document.body is null
JavaScript error: https://resources.g7s.huoyunren.com/??/js/libs/jquery-2.0.2.min.js,/js/libs/jquery-ui-1.10.3.min.js,/js/bootstrap/bootstrap.min.js,/js/yepnopejs/yepnope.1.5.4-min.js,/js/notification/SmartNotification.min.js,/js/smartwidgets/jarvis.widget.min.js,/js/plugin/easy-pie-chart/jquery.easy-pie-chart.min.js,/js/plugin/sparkline/jquery.sparkline.min.js,/js/plugin/jquery-validate/jquery.validate.min.js,/js/plugin/masked-input/jquery.maskedinput.min.js,/js/plugin/select2/select2.js,/js/plugin/bootstrap-slider/bootstrap-slider.min.js,/js/plugin/msie-fix/jquery.mb.browser.min.js,/js/plugin/smartclick/smartclick.js,/js/plugin/jquerycookie/jquery.cookie.js,/js/plugin/jquery-validate/jquery.validate.ext.js,/js/blackbirdjs/blackbird.js,/js/plugin/jquery-validate/messages_bs_zh.js,/js/plugin/blockui/jquery.blockUI.js,/js/plugin/iframeresizer/js/iframeResizer.contentWindow.min.js,/js/plugin/date/moment.js,/js/plugin/date/daterangepicker.js, line 28: TypeError: document.body is null
JavaScript error: http://yunli.g7.com.cn/inside.php?t=json&m=index&f=setUserToken&_TOKEN=396c97939793cef77bf57a2eb57c3bff&orgroot=201L0L&_=1550316657369, line 1: SyntaxError: unexpected token: ':'
JavaScript error: http://g7s.huoyunren.com/inside.php?t=json&m=index&f=setUserToken&_TOKEN=396c97939793cef77bf57a2eb57c3bff&orgroot=201L0L&_=1550316657374, line 1: SyntaxError: unexpected token: ':'
JavaScript error: http://g7s.huoyunren.com/inside.php?t=json&m=index&f=setUserToken&_TOKEN=396c97939793cef77bf57a2eb57c3bff&orgroot=201L0L&_=1550316657381, line 1: SyntaxError: unexpected token: ':'
JavaScript error: http://g7s.huoyunren.com/inside.php?t=json&m=index&f=setUserToken&_TOKEN=396c97939793cef77bf57a2eb57c3bff&orgroot=201L0L&_=1550316657382, line 1: SyntaxError: unexpected token: ':'
JavaScript error: http://g7s.huoyunren.com/inside.php?t=json&m=index&f=setUserToken&_TOKEN=396c97939793cef77bf57a2eb57c3bff&orgroot=201L0L&_=1550316657377, line 1: SyntaxError: unexpected token: ':'
JavaScript error: http://g7s.huoyunren.com/inside.php?t=json&m=index&f=setUserToken&_TOKEN=396c97939793cef77bf57a2eb57c3bff&orgroot=201L0L&_=1550316657379, line 1: SyntaxError: unexpected token: ':'
JavaScript error: http://g7s.zpt.huoyunren.com/inside.php?t=json&m=index&f=setUserToken&_TOKEN=396c97939793cef77bf57a2eb57c3bff&orgroot=201L0L&_=1550316657362, line 1: SyntaxError: unexpected token: ':'
JavaScript error: http://g7s.e-bidding.huoyunren.com/inside.php?t=json&m=index&f=setUserToken&_TOKEN=396c97939793cef77bf57a2eb57c3bff&orgroot=201L0L&_=1550316657364, line 1: SyntaxError: unexpected token: ':'
JavaScript error: http://g7s.joint.huoyunren.com/inside.php?t=json&m=index&f=setUserToken&_TOKEN=396c97939793cef77bf57a2eb57c3bff&orgroot=201L0L&_=1550316657361, line 1: SyntaxError: unexpected token: ':'
JavaScript error: http://g7s.dispatch.huoyunren.com/inside.php?t=json&m=index&f=setUserToken&_TOKEN=396c97939793cef77bf57a2eb57c3bff&orgroot=201L0L&_=1550316657363, line 1: SyntaxError: unexpected token: ':'
JavaScript error: http://cost.truck.g7s.huoyunren.com/inside.php?t=json&m=index&f=setUserToken&_TOKEN=396c97939793cef77bf57a2eb57c3bff&orgroot=201L0L&_=1550316657370, line 1: SyntaxError: unexpected token: ':'
JavaScript error: http://g7s.archives.huoyunren.com/inside.php?t=json&m=index&f=setUserToken&_TOKEN=396c97939793cef77bf57a2eb57c3bff&orgroot=201L0L&_=1550316657367, line 1: SyntaxError: unexpected token: ':'
JavaScript error: http://g7s.classline.huoyunren.com/inside.php?t=json&m=index&f=setUserToken&_TOKEN=396c97939793cef77bf57a2eb57c3bff&orgroot=201L0L&_=1550316657360, line 1: SyntaxError: unexpected token: ':'
JavaScript error: http://g7s.truck.huoyunren.com/inside.php?t=json&m=index&f=setUserToken&_TOKEN=396c97939793cef77bf57a2eb57c3bff&orgroot=201L0L&_=1550316657359, line 1: SyntaxError: unexpected token: ':'
JavaScript error: http://g7s.event.huoyunren.com/inside.php?t=json&m=index&f=setUserToken&_TOKEN=396c97939793cef77bf57a2eb57c3bff&orgroot=201L0L&_=1550316657372, line 1: SyntaxError: unexpected token: ':'
JavaScript error: http://g7s.api.huoyunren.com/inside.php?t=json&m=index&f=setUserToken&_TOKEN=396c97939793cef77bf57a2eb57c3bff&orgroot=201L0L&_=1550316657378, line 1: SyntaxError: unexpected token: ':'
JavaScript error: http://g7s.xhyr.huoyunren.com/inside.php?t=json&m=index&f=setUserToken&_TOKEN=396c97939793cef77bf57a2eb57c3bff&orgroot=201L0L&_=1550316657373, line 1: SyntaxError: expected expression, got '<'
JavaScript error: http://g7s.fuel.huoyunren.com/inside.php?t=json&m=index&f=setUserToken&_TOKEN=396c97939793cef77bf57a2eb57c3bff&orgroot=201L0L&_=1550316657371, line 1: SyntaxError: unexpected token: ':'
JavaScript error: http://g7s.truckmanager.huoyunren.com/inside.php?t=json&m=index&f=setUserToken&_TOKEN=396c97939793cef77bf57a2eb57c3bff&orgroot=201L0L&_=1550316657375, line 1: SyntaxError: unexpected token: ':'
JavaScript error: http://insure.g7s.huoyunren.com/inside.php?t=json&m=index&f=setUserToken&_TOKEN=396c97939793cef77bf57a2eb57c3bff&orgroot=201L0L&_=1550316657376, line 1: SyntaxError: unexpected token: ':'
JavaScript error: http://credit.g7s.huoyunren.com/inside.php?t=json&m=index&f=setUserToken&_TOKEN=396c97939793cef77bf57a2eb57c3bff&orgroot=201L0L&_=1550316657368, line 1: SyntaxError: unexpected token: ':'
1550316666897	Marionette	INFO	Stopped listening on port 53339
JavaScript error: https://resources.g7s.huoyunren.com/??/gateway/js/jQuery.speech.min.js,/gateway/js/yanue.pop.min.js,/gateway/js/demo.min.js,/gateway/js/leftmenu.min.js,/gateway/js/gateway.min.js,/gateway/js/app.min.js,/gateway/js/jquery.downloadPop.min.js,/gateway/js/langlanguage.min.js,/gateway/js/topbar.min.js,/gateway/js/extra.min.js,/gateway/js/userguide.min.js?v=20181121, line 11: TypeError: lang_site is undefined
JavaScript error: jar:file:///C:/Program%20Files/Mozilla%20Firefox/omni.ja!/components/amInstallTrigger.js, line 40: TypeError: window.docShell is null
JavaScript error: https://resources.g7s.huoyunren.com/??/js/libs/jquery-3.3.1.min.js,/js/libs/jquery-ui-1.12.1.min.js,/gateway/js/libs/lodash-4.17.5.min.js,/js/yepnopejs/yepnope.1.5.4-min.js,/js/bootstrap/bootstrap.min.js,/gateway/js/notification/SmartNotification.min.js,/js/smartwidgets/jarvis.widget.min.js,/js/plugin/jquery-validate/jquery.validate.min.js,/js/plugin/jquery-validate/jquery.validate.ext.min.js,/js/plugin/jquery-validate/messages_bs_zh.min.js,/js/plugin/masked-input/jquery.maskedinput.min.js,/js/plugin/bootstrap-slider/bootstrap-slider.min.js,/js/plugin/msie-fix/jquery.mb.browser.min.js,/js/plugin/smartclick/smartclick.min.js,/js/plugin/jquerycookie/jquery.cookie.min.js,/js/plugin/blockui/jquery.blockUI.min.js,/js/plugin/iframeresizer/js/iframeResizer.min.js,/gateway/js/iframe.min.js,/gateway/js/notify.min.js,/gateway/js/libs/ipscomet.min.js,/gateway/js/plugin/guploadify/jquery.guploadify.min.js,/gateway/js/browser.min.js?v=20181121, line 2: NS_ERROR_NOT_INITIALIZED: 

###!!! [Child][RunMessage] Error: Channel closing: too late to send/recv, messages will be lost


###!!! [Child][RunMessage] Error: Channel closing: too late to send/recv, messages will be lost

[Child 672, Chrome_ChildThread] WARNING: pipe error: 109: file z:/build/build/src/ipc/chromium/src/chrome/common/ipc_channel_win.cc, line 332
[Child 672
###!!! [Child][RunMessage] Error: Channel closing: too late to send/recv, messages will be lost

[GPU 11524, Chrome_ChildThread] WA
###!!! [Child][MessageChannel::SendAndWait] Error: Channel error: cannot send/recv

1550336547128	mozrunner::runner	INFO	Running command: "C:\\Program Files\\Mozilla Firefox\\firefox.exe" "-marionette" "-foreground" "-no-remote" "-profile" "C:\\Users\\G7\\AppData\\Local\\Temp\\rust_mozprofile.nAOWsocuhbKr"
1550336548807	addons.webextension.screenshots@mozilla.org	WARN	Loading extension 'screenshots@mozilla.org': Reading manifest: Invalid host permission: resource://pdf.js/
1550336548807	addons.webextension.screenshots@mozilla.org	WARN	Loading extension 'screenshots@mozilla.org': Reading manifest: Invalid host permission: about:reader*
1550336550904	Marionette	INFO	Listening on port 63227
1550336550970	Marionette	WARN	TLS certificate errors will be ignored for this session
[Child 6940, Chrome_ChildThread] WARNING: pipe error: 109: file z:/build/build/src/ipc/chromium/src/chrome/common/ipc_channel_win.cc, line 332
[Chi1550336553402	Marionette	INFO	Stopped listening on port 63227

###!!! [Child][RunMessage] Error: Channel closing: too late to send/recv, messages will be lost

[GPU 8784, Chrome_ChildThre
###!!! [Child][MessageChannel::SendAndWait] Error: Channel error: cannot send/recv

1550339148394	mozrunner::runner	INFO	Running command: "C:\\Program Files\\Mozilla Firefox\\firefox.exe" "-marionette" "-foreground" "-no-remote" "-profile" "C:\\Users\\G7\\AppData\\Local\\Temp\\rust_mozprofile.fkMjPeetgKeE"
1550339149588	addons.webextension.screenshots@mozilla.org	WARN	Loading extension 'screenshots@mozilla.org': Reading manifest: Invalid host permission: resource://pdf.js/
1550339149588	addons.webextension.screenshots@mozilla.org	WARN	Loading extension 'screenshots@mozilla.org': Reading manifest: Invalid host permission: about:reader*
1550339151722	Marionette	INFO	Listening on port 50265
1550339152227	Marionette	WARN	TLS certificate errors will be ignored for this session
JavaScript error: https://resources.g7s.huoyunren.com/??/js/libs/jquery-2.0.2.min.js,/js/libs/jquery-ui-1.10.3.min.js,/js/bootstrap/bootstrap.min.js,/js/yepnopejs/yepnope.1.5.4-min.js,/js/notification/SmartNotification.min.js,/js/smartwidgets/jarvis.widget.min.js,/js/plugin/easy-pie-chart/jquery.easy-pie-chart.min.js,/js/plugin/sparkline/jquery.sparkline.min.js,/js/plugin/jquery-validate/jquery.validate.min.js,/js/plugin/masked-input/jquery.maskedinput.min.js,/js/plugin/select2/select2.js,/js/plugin/bootstrap-slider/bootstrap-slider.min.js,/js/plugin/msie-fix/jquery.mb.browser.min.js,/js/plugin/smartclick/smartclick.js,/js/plugin/jquerycookie/jquery.cookie.js,/js/plugin/jquery-validate/jquery.validate.ext.js,/js/blackbirdjs/blackbird.js,/js/plugin/jquery-validate/messages_bs_zh.js,/js/plugin/blockui/jquery.blockUI.js,/js/plugin/iframeresizer/js/iframeResizer.contentWindow.min.js,/js/plugin/date/moment.js,/js/plugin/date/daterangepicker.js, line 28: TypeError: document.body is null
JavaScript error: https://resources.g7s.huoyunren.com/??/js/libs/jquery-2.0.2.min.js,/js/libs/jquery-ui-1.10.3.min.js,/js/bootstrap/bootstrap.min.js,/js/yepnopejs/yepnope.1.5.4-min.js,/js/notification/SmartNotification.min.js,/js/smartwidgets/jarvis.widget.min.js,/js/plugin/easy-pie-chart/jquery.easy-pie-chart.min.js,/js/plugin/sparkline/jquery.sparkline.min.js,/js/plugin/jquery-validate/jquery.validate.min.js,/js/plugin/masked-input/jquery.maskedinput.min.js,/js/plugin/select2/select2.js,/js/plugin/bootstrap-slider/bootstrap-slider.min.js,/js/plugin/msie-fix/jquery.mb.browser.min.js,/js/plugin/smartclick/smartclick.js,/js/plugin/jquerycookie/jquery.cookie.js,/js/plugin/jquery-validate/jquery.validate.ext.js,/js/blackbirdjs/blackbird.js,/js/plugin/jquery-validate/messages_bs_zh.js,/js/plugin/blockui/jquery.blockUI.js,/js/plugin/iframeresizer/js/iframeResizer.contentWindow.min.js,/js/plugin/date/moment.js,/js/plugin/date/daterangepicker.js, line 28: TypeError: document.body is null
[Parent 400, Gecko_IOThread] WARNING: pipe error: 109: file z:/build/build/src/ipc/chromium/src/chrome/common/ipc_channel_win.cc, line 332
[Child 6432, Chrome_ChildThread] WARNING: pipe error: 109: file z:/build/build/src/ipc/chromium/src/chrome/common/ipc_channel_win.cc, line 332
[Child 6432, [Parent 400, Gecko_IOThread] WARNING: pipe error: 109: file z:/build/build/src/ipc/chromium/src/chrome/common/ipc_channel_win.cc, line 332
[Child 9032, Chrome_ChildThread] WARNING: pipe error: 109: file z:/build/build/src/ipc/chromium/src/chrome/common/ipc_channel_win.cc, line 332
[Child 9032, Chrome_ChildThread] WARN1550339171664	Marionette	INFO	Stopped listening on port 50265
[GPU 9692, Chrom
###!!! [Child][MessageChannel::SendAndWait] Error: Channel error: cannot send/recv

1550339795308	mozrunner::runner	INFO	Running command: "C:\\Program Files\\Mozilla Firefox\\firefox.exe" "-marionette" "-foreground" "-no-remote" "-profile" "C:\\Users\\G7\\AppData\\Local\\Temp\\rust_mozprofile.ygsl6xQWSgE3"
1550339796506	addons.webextension.screenshots@mozilla.org	WARN	Loading extension 'screenshots@mozilla.org': Reading manifest: Invalid host permission: resource://pdf.js/
1550339796507	addons.webextension.screenshots@mozilla.org	WARN	Loading extension 'screenshots@mozilla.org': Reading manifest: Invalid host permission: about:reader*
1550339798614	Marionette	INFO	Listening on port 50542
1550339798653	Marionette	WARN	TLS certificate errors will be ignored for this session
JavaScript error: https://resources.g7s.huoyunren.com/??/js/libs/jquery-2.0.2.min.js,/js/libs/jquery-ui-1.10.3.min.js,/js/bootstrap/bootstrap.min.js,/js/yepnopejs/yepnope.1.5.4-min.js,/js/notification/SmartNotification.min.js,/js/smartwidgets/jarvis.widget.min.js,/js/plugin/easy-pie-chart/jquery.easy-pie-chart.min.js,/js/plugin/sparkline/jquery.sparkline.min.js,/js/plugin/jquery-validate/jquery.validate.min.js,/js/plugin/masked-input/jquery.maskedinput.min.js,/js/plugin/select2/select2.js,/js/plugin/bootstrap-slider/bootstrap-slider.min.js,/js/plugin/msie-fix/jquery.mb.browser.min.js,/js/plugin/smartclick/smartclick.js,/js/plugin/jquerycookie/jquery.cookie.js,/js/plugin/jquery-validate/jquery.validate.ext.js,/js/blackbirdjs/blackbird.js,/js/plugin/jquery-validate/messages_bs_zh.js,/js/plugin/blockui/jquery.blockUI.js,/js/plugin/iframeresizer/js/iframeResizer.contentWindow.min.js,/js/plugin/date/moment.js,/js/plugin/date/daterangepicker.js, line 28: TypeError: document.body is null
JavaScript error: https://resources.g7s.huoyunren.com/??/js/libs/jquery-2.0.2.min.js,/js/libs/jquery-ui-1.10.3.min.js,/js/bootstrap/bootstrap.min.js,/js/yepnopejs/yepnope.1.5.4-min.js,/js/notification/SmartNotification.min.js,/js/smartwidgets/jarvis.widget.min.js,/js/plugin/easy-pie-chart/jquery.easy-pie-chart.min.js,/js/plugin/sparkline/jquery.sparkline.min.js,/js/plugin/jquery-validate/jquery.validate.min.js,/js/plugin/masked-input/jquery.maskedinput.min.js,/js/plugin/select2/select2.js,/js/plugin/bootstrap-slider/bootstrap-slider.min.js,/js/plugin/msie-fix/jquery.mb.browser.min.js,/js/plugin/smartclick/smartclick.js,/js/plugin/jquerycookie/jquery.cookie.js,/js/plugin/jquery-validate/jquery.validate.ext.js,/js/blackbirdjs/blackbird.js,/js/plugin/jquery-validate/messages_bs_zh.js,/js/plugin/blockui/jquery.blockUI.js,/js/plugin/iframeresizer/js/iframeResizer.contentWindow.min.js,/js/plugin/date/moment.js,/js/plugin/date/daterangepicker.js, line 28: TypeError: document.body is null
JavaScript error: http://g7s.e-bidding.huoyunren.com/inside.php?t=json&m=index&f=setUserToken&_TOKEN=dc51560ce35445919c3d2b6565967fd7&orgroot=201L0L&_=1550339804668, line 1: SyntaxError: unexpected token: ':'
JavaScript error: http://g7s.dispatch.huoyunren.com/inside.php?t=json&m=index&f=setUserToken&_TOKEN=dc51560ce35445919c3d2b6565967fd7&orgroot=201L0L&_=1550339804667, line 1: SyntaxError: unexpected token: ':'
JavaScript error: http://g7s.truck.huoyunren.com/inside.php?t=json&m=index&f=setUserToken&_TOKEN=dc51560ce35445919c3d2b6565967fd7&orgroot=201L0L&_=1550339804663, line 1: SyntaxError: unexpected token: ':'
JavaScript error: http://g7s.huoyunren.com/inside.php?t=json&m=index&f=setUserToken&_TOKEN=dc51560ce35445919c3d2b6565967fd7&orgroot=201L0L&_=1550339804678, line 1: SyntaxError: unexpected token: ':'
JavaScript error: http://g7s.huoyunren.com/inside.php?t=json&m=index&f=setUserToken&_TOKEN=dc51560ce35445919c3d2b6565967fd7&orgroot=201L0L&_=1550339804681, line 1: SyntaxError: unexpected token: ':'
JavaScript error: http://g7s.huoyunren.com/inside.php?t=json&m=index&f=setUserToken&_TOKEN=dc51560ce35445919c3d2b6565967fd7&orgroot=201L0L&_=1550339804683, line 1: SyntaxError: unexpected token: ':'
JavaScript error: http://g7s.huoyunren.com/inside.php?t=json&m=index&f=setUserToken&_TOKEN=dc51560ce35445919c3d2b6565967fd7&orgroot=201L0L&_=1550339804686, line 1: SyntaxError: unexpected token: ':'
JavaScript error: http://g7s.huoyunren.com/inside.php?t=json&m=index&f=setUserToken&_TOKEN=dc51560ce35445919c3d2b6565967fd7&orgroot=201L0L&_=1550339804685, line 1: SyntaxError: unexpected token: ':'
JavaScript error: http://g7s.zpt.huoyunren.com/inside.php?t=json&m=index&f=setUserToken&_TOKEN=dc51560ce35445919c3d2b6565967fd7&orgroot=201L0L&_=1550339804666, line 1: SyntaxError: unexpected token: ':'
JavaScript error: http://cost.truck.g7s.huoyunren.com/inside.php?t=json&m=index&f=setUserToken&_TOKEN=dc51560ce35445919c3d2b6565967fd7&orgroot=201L0L&_=1550339804674, line 1: SyntaxError: unexpected token: ':'
JavaScript error: http://g7s.joint.huoyunren.com/inside.php?t=json&m=index&f=setUserToken&_TOKEN=dc51560ce35445919c3d2b6565967fd7&orgroot=201L0L&_=1550339804665, line 1: SyntaxError: unexpected token: ':'
JavaScript error: http://g7s.xhyr.huoyunren.com/inside.php?t=json&m=index&f=setUserToken&_TOKEN=dc51560ce35445919c3d2b6565967fd7&orgroot=201L0L&_=1550339804677, line 1: SyntaxError: expected expression, got '<'
JavaScript error: http://g7s.archives.huoyunren.com/inside.php?t=json&m=index&f=setUserToken&_TOKEN=dc51560ce35445919c3d2b6565967fd7&orgroot=201L0L&_=1550339804671, line 1: SyntaxError: unexpected token: ':'
JavaScript error: http://g7s.api.huoyunren.com/inside.php?t=json&m=index&f=setUserToken&_TOKEN=dc51560ce35445919c3d2b6565967fd7&orgroot=201L0L&_=1550339804682, line 1: SyntaxError: unexpected token: ':'
JavaScript error: http://g7s.event.huoyunren.com/inside.php?t=json&m=index&f=setUserToken&_TOKEN=dc51560ce35445919c3d2b6565967fd7&orgroot=201L0L&_=1550339804676, line 1: SyntaxError: unexpected token: ':'
JavaScript error: http://g7s.fuel.huoyunren.com/inside.php?t=json&m=index&f=setUserToken&_TOKEN=dc51560ce35445919c3d2b6565967fd7&orgroot=201L0L&_=1550339804675, line 1: SyntaxError: unexpected token: ':'
JavaScript error: http://g7s.classline.huoyunren.com/inside.php?t=json&m=index&f=setUserToken&_TOKEN=dc51560ce35445919c3d2b6565967fd7&orgroot=201L0L&_=1550339804664, line 1: SyntaxError: unexpected token: ':'
JavaScript error: http://credit.g7s.huoyunren.com/inside.php?t=json&m=index&f=setUserToken&_TOKEN=dc51560ce35445919c3d2b6565967fd7&orgroot=201L0L&_=1550339804672, line 1: SyntaxError: unexpected token: ':'
JavaScript error: http://yunli.g7.com.cn/inside.php?t=json&m=index&f=setUserToken&_TOKEN=dc51560ce35445919c3d2b6565967fd7&orgroot=201L0L&_=1550339804673, line 1: SyntaxError: unexpected token: ':'
JavaScript error: http://g7s.truckmanager.huoyunren.com/inside.php?t=json&m=index&f=setUserToken&_TOKEN=dc51560ce35445919c3d2b6565967fd7&orgroot=201L0L&_=1550339804679, line 1: SyntaxError: unexpected token: ':'
JavaScript error: http://insure.g7s.huoyunren.com/inside.php?t=json&m=index&f=setUserToken&_TOKEN=dc51560ce35445919c3d2b6565967fd7&orgroot=201L0L&_=1550339804680, line 1: SyntaxError: unexpected token: ':'
JavaScript error: http://g7s.amazon.ctr.huoyunren.com/inside.php?t=json&m=index&f=setUserToken&_TOKEN=dc51560ce35445919c3d2b6565967fd7&orgroot=201L0L&_=1550339804684, line 1: SyntaxError: unexpected token: ':'
1550339812774	Marionette	INFO	Stopped listening on port 50542
JavaScript error: http://g7s.huoyunren.com/js/head.js?v=20181123, line 235: TypeError: window.sessionStorage is null
[Parent 4776, Gecko_IOThread] WARNING: pipe error: 109: file z:/build/build/src/ipc/chromium/src/chrome/common/ipc_channel_win.cc, line 332
[Child 4228, Chrome_ChildThread] WARNING: pipe error: 109: file z:/build/build/src/ipc/chromium/src/chrome/common/ipc_channel_win.cc, line 332
[Child 4228, Chrome_ChildThread] WARNING: pipe error: 109: file z:/build/build/src/ipc/chromium/src/chrome/common/ipc_channel_win.cc, line 332
JavaScript error: jar:file:///C:/Program%20Files/Mozilla%20Firefox/omni.ja!/components/amInstallTrigger.js, line 40: TypeError: window.docShell is null
JavaScript error: https://resources.g7s.huoyunren.com/??/js/libs/jquery-3.3.1.min.js,/js/libs/jquery-ui-1.12.1.min.js,/gateway/js/libs/lodash-4.17.5.min.js,/js/yepnopejs/yepnope.1.5.4-min.js,/js/bootstrap/bootstrap.min.js,/gateway/js/notification/SmartNotification.min.js,/js/smartwidgets/jarvis.widget.min.js,/js/plugin/jquery-validate/jquery.validate.min.js,/js/plugin/jquery-validate/jquery.validate.ext.min.js,/js/plugin/jquery-validate/messages_bs_zh.min.js,/js/plugin/masked-input/jquery.maskedinput.min.js,/js/plugin/bootstrap-slider/bootstrap-slider.min.js,/js/plugin/msie-fix/jquery.mb.browser.min.js,/js/plugin/smartclick/smartclick.min.js,/js/plugin/jquerycookie/jquery.cookie.min.js,/js/plugin/blockui/jquery.blockUI.min.js,/js/plugin/iframeresizer/js/iframeResizer.min.js,/gateway/js/iframe.min.js,/gateway/js/notify.min.js,/gateway/js/libs/ipscomet.min.js,/gateway/js/plugin/guploadify/jquery.guploadify.min.js,/gateway/js/browser.min.js?v=20181121, line 2: NS_ERROR_NOT_INITIALIZED: 
[Child 7528, Chrome_ChildThread] WARNING: pipe error: 109: file z:/build/build/src/ipc/chromium/src/chrome/common/ipc_channel_win.cc, line 332
[Child 7[Parent 4776, Gecko_IOThread] WARNING: pipe error: 109: file z:/build/build/src/ipc/chromium/src/chrome/common/ipc_channel_win.cc, line 332
[Child 5164, Chrome_ChildThread] WARNING: pipe error: 109: file z:/build/build/src/ipc/chromium/src/chrome/common/ipc_channel_win.cc, line 332
[Child [GPU 2248, Chrom
###!!! [Child][MessageChannel::SendAndWait] Error: Channel error: cannot send/recv

1550396380434	mozrunner::runner	INFO	Running command: "C:\\Program Files\\Mozilla Firefox\\firefox.exe" "-marionette" "-foreground" "-no-remote" "-profile" "C:\\Users\\G7\\AppData\\Local\\Temp\\rust_mozprofile.h8csjjq2x8nu"
1550396382636	addons.webextension.screenshots@mozilla.org	WARN	Loading extension 'screenshots@mozilla.org': Reading manifest: Invalid host permission: resource://pdf.js/
1550396382637	addons.webextension.screenshots@mozilla.org	WARN	Loading extension 'screenshots@mozilla.org': Reading manifest: Invalid host permission: about:reader*
1550396385194	Marionette	INFO	Listening on port 49954
1550396385800	Marionette	WARN	TLS certificate errors will be ignored for this session
JavaScript error: https://resources.g7s.huoyunren.com/??/js/libs/jquery-2.0.2.min.js,/js/libs/jquery-ui-1.10.3.min.js,/js/bootstrap/bootstrap.min.js,/js/yepnopejs/yepnope.1.5.4-min.js,/js/notification/SmartNotification.min.js,/js/smartwidgets/jarvis.widget.min.js,/js/plugin/easy-pie-chart/jquery.easy-pie-chart.min.js,/js/plugin/sparkline/jquery.sparkline.min.js,/js/plugin/jquery-validate/jquery.validate.min.js,/js/plugin/masked-input/jquery.maskedinput.min.js,/js/plugin/select2/select2.js,/js/plugin/bootstrap-slider/bootstrap-slider.min.js,/js/plugin/msie-fix/jquery.mb.browser.min.js,/js/plugin/smartclick/smartclick.js,/js/plugin/jquerycookie/jquery.cookie.js,/js/plugin/jquery-validate/jquery.validate.ext.js,/js/blackbirdjs/blackbird.js,/js/plugin/jquery-validate/messages_bs_zh.js,/js/plugin/blockui/jquery.blockUI.js,/js/plugin/iframeresizer/js/iframeResizer.contentWindow.min.js,/js/plugin/date/moment.js,/js/plugin/date/daterangepicker.js, line 28: TypeError: document.body is null
JavaScript error: https://resources.g7s.huoyunren.com/??/js/libs/jquery-2.0.2.min.js,/js/libs/jquery-ui-1.10.3.min.js,/js/bootstrap/bootstrap.min.js,/js/yepnopejs/yepnope.1.5.4-min.js,/js/notification/SmartNotification.min.js,/js/smartwidgets/jarvis.widget.min.js,/js/plugin/easy-pie-chart/jquery.easy-pie-chart.min.js,/js/plugin/sparkline/jquery.sparkline.min.js,/js/plugin/jquery-validate/jquery.validate.min.js,/js/plugin/masked-input/jquery.maskedinput.min.js,/js/plugin/select2/select2.js,/js/plugin/bootstrap-slider/bootstrap-slider.min.js,/js/plugin/msie-fix/jquery.mb.browser.min.js,/js/plugin/smartclick/smartclick.js,/js/plugin/jquerycookie/jquery.cookie.js,/js/plugin/jquery-validate/jquery.validate.ext.js,/js/blackbirdjs/blackbird.js,/js/plugin/jquery-validate/messages_bs_zh.js,/js/plugin/blockui/jquery.blockUI.js,/js/plugin/iframeresizer/js/iframeResizer.contentWindow.min.js,/js/plugin/date/moment.js,/js/plugin/date/daterangepicker.js, line 28: TypeError: document.body is null
1550396406990	Marionette	INFO	Stopped listening on port 49954

###!!! [Child][RunMessage] Error: Channel closing: too late to send/recv, messages will be lost

[GPU 2180, Chrome_ChildThr
###!!! [Child][MessageChannel::SendAndWait] Error: Channel error: cannot send/recv

1550396508588	mozrunner::runner	INFO	Running command: "C:\\Program Files\\Mozilla Firefox\\firefox.exe" "-marionette" "-foreground" "-no-remote" "-profile" "C:\\Users\\G7\\AppData\\Local\\Temp\\rust_mozprofile.Xsq7wRFoUijp"
1550396509842	addons.webextension.screenshots@mozilla.org	WARN	Loading extension 'screenshots@mozilla.org': Reading manifest: Invalid host permission: resource://pdf.js/
1550396509842	addons.webextension.screenshots@mozilla.org	WARN	Loading extension 'screenshots@mozilla.org': Reading manifest: Invalid host permission: about:reader*
1550396512145	Marionette	INFO	Listening on port 58736
1550396512487	Marionette	WARN	TLS certificate errors will be ignored for this session
JavaScript error: https://resources.g7s.huoyunren.com/??/js/libs/jquery-2.0.2.min.js,/js/libs/jquery-ui-1.10.3.min.js,/js/bootstrap/bootstrap.min.js,/js/yepnopejs/yepnope.1.5.4-min.js,/js/notification/SmartNotification.min.js,/js/smartwidgets/jarvis.widget.min.js,/js/plugin/easy-pie-chart/jquery.easy-pie-chart.min.js,/js/plugin/sparkline/jquery.sparkline.min.js,/js/plugin/jquery-validate/jquery.validate.min.js,/js/plugin/masked-input/jquery.maskedinput.min.js,/js/plugin/select2/select2.js,/js/plugin/bootstrap-slider/bootstrap-slider.min.js,/js/plugin/msie-fix/jquery.mb.browser.min.js,/js/plugin/smartclick/smartclick.js,/js/plugin/jquerycookie/jquery.cookie.js,/js/plugin/jquery-validate/jquery.validate.ext.js,/js/blackbirdjs/blackbird.js,/js/plugin/jquery-validate/messages_bs_zh.js,/js/plugin/blockui/jquery.blockUI.js,/js/plugin/iframeresizer/js/iframeResizer.contentWindow.min.js,/js/plugin/date/moment.js,/js/plugin/date/daterangepicker.js, line 28: TypeError: document.body is null
JavaScript error: https://resources.g7s.huoyunren.com/??/js/libs/jquery-2.0.2.min.js,/js/libs/jquery-ui-1.10.3.min.js,/js/bootstrap/bootstrap.min.js,/js/yepnopejs/yepnope.1.5.4-min.js,/js/notification/SmartNotification.min.js,/js/smartwidgets/jarvis.widget.min.js,/js/plugin/easy-pie-chart/jquery.easy-pie-chart.min.js,/js/plugin/sparkline/jquery.sparkline.min.js,/js/plugin/jquery-validate/jquery.validate.min.js,/js/plugin/masked-input/jquery.maskedinput.min.js,/js/plugin/select2/select2.js,/js/plugin/bootstrap-slider/bootstrap-slider.min.js,/js/plugin/msie-fix/jquery.mb.browser.min.js,/js/plugin/smartclick/smartclick.js,/js/plugin/jquerycookie/jquery.cookie.js,/js/plugin/jquery-validate/jquery.validate.ext.js,/js/blackbirdjs/blackbird.js,/js/plugin/jquery-validate/messages_bs_zh.js,/js/plugin/blockui/jquery.blockUI.js,/js/plugin/iframeresizer/js/iframeResizer.contentWindow.min.js,/js/plugin/date/moment.js,/js/plugin/date/daterangepicker.js, line 28: TypeError: document.body is null
JavaScript error: http://g7s.dispatch.huoyunren.com/inside.php?t=json&m=index&f=setUserToken&_TOKEN=fbbe25f5528cb0e243fb94db3d670791&orgroot=201L0L&_=1550396520443, line 1: SyntaxError: unexpected token: ':'
JavaScript error: http://g7s.huoyunren.com/inside.php?t=json&m=index&f=setUserToken&_TOKEN=fbbe25f5528cb0e243fb94db3d670791&orgroot=201L0L&_=1550396520454, line 1: SyntaxError: unexpected token: ':'
JavaScript error: http://g7s.e-bidding.huoyunren.com/inside.php?t=json&m=index&f=setUserToken&_TOKEN=fbbe25f5528cb0e243fb94db3d670791&orgroot=201L0L&_=1550396520444, line 1: SyntaxError: unexpected token: ':'
JavaScript error: http://g7s.huoyunren.com/inside.php?t=json&m=index&f=setUserToken&_TOKEN=fbbe25f5528cb0e243fb94db3d670791&orgroot=201L0L&_=1550396520459, line 1: SyntaxError: unexpected token: ':'
JavaScript error: http://g7s.huoyunren.com/inside.php?t=json&m=index&f=setUserToken&_TOKEN=fbbe25f5528cb0e243fb94db3d670791&orgroot=201L0L&_=1550396520457, line 1: SyntaxError: unexpected token: ':'
JavaScript error: http://g7s.huoyunren.com/inside.php?t=json&m=index&f=setUserToken&_TOKEN=fbbe25f5528cb0e243fb94db3d670791&orgroot=201L0L&_=1550396520462, line 1: SyntaxError: unexpected token: ':'
JavaScript error: http://g7s.huoyunren.com/inside.php?t=json&m=index&f=setUserToken&_TOKEN=fbbe25f5528cb0e243fb94db3d670791&orgroot=201L0L&_=1550396520461, line 1: SyntaxError: unexpected token: ':'
1550396530495	Marionette	INFO	Stopped listening on port 58736
JavaScript error: http://g7s.huoyunren.com/js/head.js?v=20181123, line 235: TypeError: window.sessionStorage is null
JavaScript error: jar:file:///C:/Program%20Files/Mozilla%20Firefox/omni.ja!/components/amInstallTrigger.js, line 40: TypeError: window.docShell is null
JavaScript error: https://resources.g7s.huoyunren.com/??/js/libs/jquery-3.3.1.min.js,/js/libs/jquery-ui-1.12.1.min.js,/gateway/js/libs/lodash-4.17.5.min.js,/js/yepnopejs/yepnope.1.5.4-min.js,/js/bootstrap/bootstrap.min.js,/gateway/js/notification/SmartNotification.min.js,/js/smartwidgets/jarvis.widget.min.js,/js/plugin/jquery-validate/jquery.validate.min.js,/js/plugin/jquery-validate/jquery.validate.ext.min.js,/js/plugin/jquery-validate/messages_bs_zh.min.js,/js/plugin/masked-input/jquery.maskedinput.min.js,/js/plugin/bootstrap-slider/bootstrap-slider.min.js,/js/plugin/msie-fix/jquery.mb.browser.min.js,/js/plugin/smartclick/smartclick.min.js,/js/plugin/jquerycookie/jquery.cookie.min.js,/js/plugin/blockui/jquery.blockUI.min.js,/js/plugin/iframeresizer/js/iframeResizer.min.js,/gateway/js/iframe.min.js,/gateway/js/notify.min.js,/gateway/js/libs/ipscomet.min.js,/gateway/js/plugin/guploadify/jquery.guploadify.min.js,/gateway/js/browser.min.js?v=20181121, line 2: NS_ERROR_NOT_INITIALIZED: 
[Child 10756, 
###!!! [Child][RunMessage] Error: Channel closing: too late to send/recv, messages will be lost

Chrome_ChildThread] WARNING: pipe error: 109: file z:/build/build/src/ipc[GPU 5200, Chrome_ChildThr1550400164773	mozrunner::runner	INFO	Running command: "C:\\Program Files\\Mozilla Firefox\\firefox.exe" "-marionette" "-foreground" "-no-remote" "-profile" "C:\\WINDOWS\\TEMP\\rust_mozprofile.2EQMVnPRTgsB"
1550400167111	addons.webextension.screenshots@mozilla.org	WARN	Loading extension 'screenshots@mozilla.org': Reading manifest: Invalid host permission: resource://pdf.js/
1550400167112	addons.webextension.screenshots@mozilla.org	WARN	Loading extension 'screenshots@mozilla.org': Reading manifest: Invalid host permission: about:reader*
1550400170737	Marionette	INFO	Listening on port 54790
1550400170928	Marionette	WARN	TLS certificate errors will be ignored for this session
JavaScript error: https://resources.g7s.huoyunren.com/??/js/libs/jquery-2.0.2.min.js,/js/libs/jquery-ui-1.10.3.min.js,/js/bootstrap/bootstrap.min.js,/js/yepnopejs/yepnope.1.5.4-min.js,/js/notification/SmartNotification.min.js,/js/smartwidgets/jarvis.widget.min.js,/js/plugin/easy-pie-chart/jquery.easy-pie-chart.min.js,/js/plugin/sparkline/jquery.sparkline.min.js,/js/plugin/jquery-validate/jquery.validate.min.js,/js/plugin/masked-input/jquery.maskedinput.min.js,/js/plugin/select2/select2.js,/js/plugin/bootstrap-slider/bootstrap-slider.min.js,/js/plugin/msie-fix/jquery.mb.browser.min.js,/js/plugin/smartclick/smartclick.js,/js/plugin/jquerycookie/jquery.cookie.js,/js/plugin/jquery-validate/jquery.validate.ext.js,/js/blackbirdjs/blackbird.js,/js/plugin/jquery-validate/messages_bs_zh.js,/js/plugin/blockui/jquery.blockUI.js,/js/plugin/iframeresizer/js/iframeResizer.contentWindow.min.js,/js/plugin/date/moment.js,/js/plugin/date/daterangepicker.js, line 28: TypeError: document.body is null
console.error: BroadcastService: 
  receivedBroadcastMessage: handler for
  remote-settings/monitor_changes
  threw error:
  Message: Error: Polling for changes failed: NetworkError when attempting to fetch resource..
  Stack:
    remoteSettingsFunction/remoteSettings.pollChanges@resource://services-settings/remote-settings.js:188:13

JavaScript error: https://resources.g7s.huoyunren.com/??/js/libs/jquery-2.0.2.min.js,/js/libs/jquery-ui-1.10.3.min.js,/js/bootstrap/bootstrap.min.js,/js/yepnopejs/yepnope.1.5.4-min.js,/js/notification/SmartNotification.min.js,/js/smartwidgets/jarvis.widget.min.js,/js/plugin/easy-pie-chart/jquery.easy-pie-chart.min.js,/js/plugin/sparkline/jquery.sparkline.min.js,/js/plugin/jquery-validate/jquery.validate.min.js,/js/plugin/masked-input/jquery.maskedinput.min.js,/js/plugin/select2/select2.js,/js/plugin/bootstrap-slider/bootstrap-slider.min.js,/js/plugin/msie-fix/jquery.mb.browser.min.js,/js/plugin/smartclick/smartclick.js,/js/plugin/jquerycookie/jquery.cookie.js,/js/plugin/jquery-validate/jquery.validate.ext.js,/js/blackbirdjs/blackbird.js,/js/plugin/jquery-validate/messages_bs_zh.js,/js/plugin/blockui/jquery.blockUI.js,/js/plugin/iframeresizer/js/iframeResizer.contentWindow.min.js,/js/plugin/date/moment.js,/js/plugin/date/daterangepicker.js, line 28: TypeError: document.body is null
1550400196951	Marionette	INFO	Stopped listening on port 54790
[Parent 10956, Gecko_IOThread] WARNING: pipe error: 109: file z:/build/build/src/ipc/chromium/src/chrome/common/ipc_channel_win.cc, line 332
[Child 1500, Chrome_ChildThread] WARNING: pipe error: 109: file z:/build/build/src/ipc/chromium/src/chrome/common/ipc_channel_win.cc, line 332
[Chil[Parent 10956, Gecko_IOThread] WARNING: pipe error: 109: file z:/build/build/src/ipc/chromium/src/chrome/common/ipc_channel_win.cc, line 332
[Child 7508, Chrome_ChildThread] WARNING: pipe error: 109: file z:/build/build/src/ipc/chromium/src/chrome/common/ipc_channel_win.cc, line 332
[Child 7508, Chrome_Ch1550407213806	mozrunner::runner	INFO	Running command: "C:\\Program Files\\Mozilla Firefox\\firefox.exe" "-marionette" "-foreground" "-no-remote" "-profile" "C:\\WINDOWS\\TEMP\\rust_mozprofile.JgvANOOZO0CJ"
1550407215503	addons.webextension.screenshots@mozilla.org	WARN	Loading extension 'screenshots@mozilla.org': Reading manifest: Invalid host permission: resource://pdf.js/
1550407215504	addons.webextension.screenshots@mozilla.org	WARN	Loading extension 'screenshots@mozilla.org': Reading manifest: Invalid host permission: about:reader*
1550407217787	Marionette	INFO	Listening on port 62454
1550407218131	Marionette	WARN	TLS certificate errors will be ignored for this session
JavaScript error: https://resources.g7s.huoyunren.com/??/js/libs/jquery-2.0.2.min.js,/js/libs/jquery-ui-1.10.3.min.js,/js/bootstrap/bootstrap.min.js,/js/yepnopejs/yepnope.1.5.4-min.js,/js/notification/SmartNotification.min.js,/js/smartwidgets/jarvis.widget.min.js,/js/plugin/easy-pie-chart/jquery.easy-pie-chart.min.js,/js/plugin/sparkline/jquery.sparkline.min.js,/js/plugin/jquery-validate/jquery.validate.min.js,/js/plugin/masked-input/jquery.maskedinput.min.js,/js/plugin/select2/select2.js,/js/plugin/bootstrap-slider/bootstrap-slider.min.js,/js/plugin/msie-fix/jquery.mb.browser.min.js,/js/plugin/smartclick/smartclick.js,/js/plugin/jquerycookie/jquery.cookie.js,/js/plugin/jquery-validate/jquery.validate.ext.js,/js/blackbirdjs/blackbird.js,/js/plugin/jquery-validate/messages_bs_zh.js,/js/plugin/blockui/jquery.blockUI.js,/js/plugin/iframeresizer/js/iframeResizer.contentWindow.min.js,/js/plugin/date/moment.js,/js/plugin/date/daterangepicker.js, line 28: TypeError: document.body is null
JavaScript error: https://resources.g7s.huoyunren.com/??/js/libs/jquery-2.0.2.min.js,/js/libs/jquery-ui-1.10.3.min.js,/js/bootstrap/bootstrap.min.js,/js/yepnopejs/yepnope.1.5.4-min.js,/js/notification/SmartNotification.min.js,/js/smartwidgets/jarvis.widget.min.js,/js/plugin/easy-pie-chart/jquery.easy-pie-chart.min.js,/js/plugin/sparkline/jquery.sparkline.min.js,/js/plugin/jquery-validate/jquery.validate.min.js,/js/plugin/masked-input/jquery.maskedinput.min.js,/js/plugin/select2/select2.js,/js/plugin/bootstrap-slider/bootstrap-slider.min.js,/js/plugin/msie-fix/jquery.mb.browser.min.js,/js/plugin/smartclick/smartclick.js,/js/plugin/jquerycookie/jquery.cookie.js,/js/plugin/jquery-validate/jquery.validate.ext.js,/js/blackbirdjs/blackbird.js,/js/plugin/jquery-validate/messages_bs_zh.js,/js/plugin/blockui/jquery.blockUI.js,/js/plugin/iframeresizer/js/iframeResizer.contentWindow.min.js,/js/plugin/date/moment.js,/js/plugin/date/daterangepicker.js, line 28: TypeError: document.body is null
1550407241896	Marionette	INFO	Stopped listening on port 62454
[Child 7888, Chrome_ChildThread] WARNING: pipe error: 109: file z:/build/build/src/ipc/chromium/src/chrome/common/ipc_channel_win.cc, line 332
[Child 7888, Chrome_ChildThread] WARNING: pipe error: 109: file z:/build/build/src/ipc/chromium/src/chrome/common/ipc_channel_win.cc, line 332
[Child 10076, Chrome_ChildThread] WARNING: pipe error: 109: file z:/build/build/src/ipc/chromium/src/chrome/common/ipc_channel_win.cc, line 332
[Child 10076, 1550407627846	mozrunner::runner	INFO	Running command: "C:\\Program Files\\Mozilla Firefox\\firefox.exe" "-marionette" "-foreground" "-no-remote" "-profile" "C:\\Users\\G7\\AppData\\Local\\Temp\\rust_mozprofile.FmltXeKujQWh"
1550407629697	addons.webextension.screenshots@mozilla.org	WARN	Loading extension 'screenshots@mozilla.org': Reading manifest: Invalid host permission: resource://pdf.js/
1550407629697	addons.webextension.screenshots@mozilla.org	WARN	Loading extension 'screenshots@mozilla.org': Reading manifest: Invalid host permission: about:reader*
1550407632316	Marionette	INFO	Listening on port 57478
1550407632793	Marionette	WARN	TLS certificate errors will be ignored for this session
JavaScript error: https://resources.g7s.huoyunren.com/??/js/libs/jquery-2.0.2.min.js,/js/libs/jquery-ui-1.10.3.min.js,/js/bootstrap/bootstrap.min.js,/js/yepnopejs/yepnope.1.5.4-min.js,/js/notification/SmartNotification.min.js,/js/smartwidgets/jarvis.widget.min.js,/js/plugin/easy-pie-chart/jquery.easy-pie-chart.min.js,/js/plugin/sparkline/jquery.sparkline.min.js,/js/plugin/jquery-validate/jquery.validate.min.js,/js/plugin/masked-input/jquery.maskedinput.min.js,/js/plugin/select2/select2.js,/js/plugin/bootstrap-slider/bootstrap-slider.min.js,/js/plugin/msie-fix/jquery.mb.browser.min.js,/js/plugin/smartclick/smartclick.js,/js/plugin/jquerycookie/jquery.cookie.js,/js/plugin/jquery-validate/jquery.validate.ext.js,/js/blackbirdjs/blackbird.js,/js/plugin/jquery-validate/messages_bs_zh.js,/js/plugin/blockui/jquery.blockUI.js,/js/plugin/iframeresizer/js/iframeResizer.contentWindow.min.js,/js/plugin/date/moment.js,/js/plugin/date/daterangepicker.js, line 28: TypeError: document.body is null
JavaScript error: https://resources.g7s.huoyunren.com/??/js/libs/jquery-2.0.2.min.js,/js/libs/jquery-ui-1.10.3.min.js,/js/bootstrap/bootstrap.min.js,/js/yepnopejs/yepnope.1.5.4-min.js,/js/notification/SmartNotification.min.js,/js/smartwidgets/jarvis.widget.min.js,/js/plugin/easy-pie-chart/jquery.easy-pie-chart.min.js,/js/plugin/sparkline/jquery.sparkline.min.js,/js/plugin/jquery-validate/jquery.validate.min.js,/js/plugin/masked-input/jquery.maskedinput.min.js,/js/plugin/select2/select2.js,/js/plugin/bootstrap-slider/bootstrap-slider.min.js,/js/plugin/msie-fix/jquery.mb.browser.min.js,/js/plugin/smartclick/smartclick.js,/js/plugin/jquerycookie/jquery.cookie.js,/js/plugin/jquery-validate/jquery.validate.ext.js,/js/blackbirdjs/blackbird.js,/js/plugin/jquery-validate/messages_bs_zh.js,/js/plugin/blockui/jquery.blockUI.js,/js/plugin/iframeresizer/js/iframeResizer.contentWindow.min.js,/js/plugin/date/moment.js,/js/plugin/date/daterangepicker.js, line 28: TypeError: document.body is null
1550407654731	Marionette	INFO	Stopped listening on port 57478
[Child 9464, Chrome_ChildThread] WARNING: pipe error: 109: file z:/build/build/src/ipc/chromium/src/chrome/common/ipc_channel_win.cc, line 332
[Child 9464, Chrome_ChildThread] WARNING: pipe error: 109: file [Child 8904, Chrome_ChildThread] WARNING: pipe error: 109: file z:/build/build/src/ipc/chromium/src/chrome/common/ipc_channel_win.cc, line 332
[Child 8904, Chrome_ChildThread] WARNING: pipe error: 109: [Parent 5176, Gecko_IOThread] WARNING: pipe error: 109: file z:/build/build/src/ipc/chromium/src/chrome/common/ipc_channel_win.cc, line 332
[Child 12028, Chrome_ChildThread] WARNING: pipe error: 109: file z:/build/build/src/ipc/chromium/src/chrome/common/ipc_channel_win.cc, line 332
[Child 
###!!! [Child][RunMessage] Error: Channel closing: too late to send/recv, messages will be lost

[GPU 5032, Chro1550407868088	mozrunner::runner	INFO	Running command: "C:\\Program Files\\Mozilla Firefox\\firefox.exe" "-marionette" "-foreground" "-no-remote" "-profile" "C:\\Users\\G7\\AppData\\Local\\Temp\\rust_mozprofile.AZ7WRk3vfafS"
1550407868709	addons.webextension.screenshots@mozilla.org	WARN	Loading extension 'screenshots@mozilla.org': Reading manifest: Invalid host permission: resource://pdf.js/
1550407868710	addons.webextension.screenshots@mozilla.org	WARN	Loading extension 'screenshots@mozilla.org': Reading manifest: Invalid host permission: about:reader*
1550407870741	Marionette	INFO	Listening on port 57596
1550407870836	Marionette	WARN	TLS certificate errors will be ignored for this session
JavaScript error: https://resources.g7s.huoyunren.com/??/js/libs/jquery-2.0.2.min.js,/js/libs/jquery-ui-1.10.3.min.js,/js/bootstrap/bootstrap.min.js,/js/yepnopejs/yepnope.1.5.4-min.js,/js/notification/SmartNotification.min.js,/js/smartwidgets/jarvis.widget.min.js,/js/plugin/easy-pie-chart/jquery.easy-pie-chart.min.js,/js/plugin/sparkline/jquery.sparkline.min.js,/js/plugin/jquery-validate/jquery.validate.min.js,/js/plugin/masked-input/jquery.maskedinput.min.js,/js/plugin/select2/select2.js,/js/plugin/bootstrap-slider/bootstrap-slider.min.js,/js/plugin/msie-fix/jquery.mb.browser.min.js,/js/plugin/smartclick/smartclick.js,/js/plugin/jquerycookie/jquery.cookie.js,/js/plugin/jquery-validate/jquery.validate.ext.js,/js/blackbirdjs/blackbird.js,/js/plugin/jquery-validate/messages_bs_zh.js,/js/plugin/blockui/jquery.blockUI.js,/js/plugin/iframeresizer/js/iframeResizer.contentWindow.min.js,/js/plugin/date/moment.js,/js/plugin/date/daterangepicker.js, line 28: TypeError: document.body is null
JavaScript error: https://resources.g7s.huoyunren.com/??/js/libs/jquery-2.0.2.min.js,/js/libs/jquery-ui-1.10.3.min.js,/js/bootstrap/bootstrap.min.js,/js/yepnopejs/yepnope.1.5.4-min.js,/js/notification/SmartNotification.min.js,/js/smartwidgets/jarvis.widget.min.js,/js/plugin/easy-pie-chart/jquery.easy-pie-chart.min.js,/js/plugin/sparkline/jquery.sparkline.min.js,/js/plugin/jquery-validate/jquery.validate.min.js,/js/plugin/masked-input/jquery.maskedinput.min.js,/js/plugin/select2/select2.js,/js/plugin/bootstrap-slider/bootstrap-slider.min.js,/js/plugin/msie-fix/jquery.mb.browser.min.js,/js/plugin/smartclick/smartclick.js,/js/plugin/jquerycookie/jquery.cookie.js,/js/plugin/jquery-validate/jquery.validate.ext.js,/js/blackbirdjs/blackbird.js,/js/plugin/jquery-validate/messages_bs_zh.js,/js/plugin/blockui/jquery.blockUI.js,/js/plugin/iframeresizer/js/iframeResizer.contentWindow.min.js,/js/plugin/date/moment.js,/js/plugin/date/daterangepicker.js, line 28: TypeError: document.body is null
JavaScript error: http://g7s.huoyunren.com/inside.php?t=json&m=index&f=setUserToken&_TOKEN=30596656baf62d9e697f4402873bab91&orgroot=201L0L&_=1550407884538, line 1: SyntaxError: unexpected token: ':'
JavaScript error: http://g7s.huoyunren.com/inside.php?t=json&m=index&f=setUserToken&_TOKEN=30596656baf62d9e697f4402873bab91&orgroot=201L0L&_=1550407884536, line 1: SyntaxError: unexpected token: ':'
JavaScript error: http://g7s.huoyunren.com/inside.php?t=json&m=index&f=setUserToken&_TOKEN=30596656baf62d9e697f4402873bab91&orgroot=201L0L&_=1550407884540, line 1: SyntaxError: unexpected token: ':'
JavaScript error: http://g7s.huoyunren.com/inside.php?t=json&m=index&f=setUserToken&_TOKEN=30596656baf62d9e697f4402873bab91&orgroot=201L0L&_=1550407884541, line 1: SyntaxError: unexpected token: ':'
JavaScript error: http://g7s.huoyunren.com/inside.php?t=json&m=index&f=setUserToken&_TOKEN=30596656baf62d9e697f4402873bab91&orgroot=201L0L&_=1550407884533, line 1: SyntaxError: unexpected token: ':'
JavaScript error: http://g7s.zpt.huoyunren.com/inside.php?t=json&m=index&f=setUserToken&_TOKEN=30596656baf62d9e697f4402873bab91&orgroot=201L0L&_=1550407884521, line 1: SyntaxError: unexpected token: ':'
JavaScript error: http://g7s.truck.huoyunren.com/inside.php?t=json&m=index&f=setUserToken&_TOKEN=30596656baf62d9e697f4402873bab91&orgroot=201L0L&_=1550407884518, line 1: SyntaxError: unexpected token: ':'
JavaScript error: http://yunli.g7.com.cn/inside.php?t=json&m=index&f=setUserToken&_TOKEN=30596656baf62d9e697f4402873bab91&orgroot=201L0L&_=1550407884528, line 1: SyntaxError: unexpected token: ':'
JavaScript error: http://cost.truck.g7s.huoyunren.com/inside.php?t=json&m=index&f=setUserToken&_TOKEN=30596656baf62d9e697f4402873bab91&orgroot=201L0L&_=1550407884529, line 1: SyntaxError: unexpected token: ':'
JavaScript error: http://g7s.joint.huoyunren.com/inside.php?t=json&m=index&f=setUserToken&_TOKEN=30596656baf62d9e697f4402873bab91&orgroot=201L0L&_=1550407884520, line 1: SyntaxError: unexpected token: ':'
JavaScript error: http://g7s.event.huoyunren.com/inside.php?t=json&m=index&f=setUserToken&_TOKEN=30596656baf62d9e697f4402873bab91&orgroot=201L0L&_=1550407884531, line 1: SyntaxError: unexpected token: ':'
JavaScript error: http://g7s.e-bidding.huoyunren.com/inside.php?t=json&m=index&f=setUserToken&_TOKEN=30596656baf62d9e697f4402873bab91&orgroot=201L0L&_=1550407884523, line 1: SyntaxError: unexpected token: ':'
JavaScript error: http://g7s.xhyr.huoyunren.com/inside.php?t=json&m=index&f=setUserToken&_TOKEN=30596656baf62d9e697f4402873bab91&orgroot=201L0L&_=1550407884532, line 1: SyntaxError: expected expression, got '<'
JavaScript error: http://g7s.api.huoyunren.com/inside.php?t=json&m=index&f=setUserToken&_TOKEN=30596656baf62d9e697f4402873bab91&orgroot=201L0L&_=1550407884537, line 1: SyntaxError: unexpected token: ':'
JavaScript error: http://g7s.amazon.ctr.huoyunren.com/inside.php?t=json&m=index&f=setUserToken&_TOKEN=30596656baf62d9e697f4402873bab91&orgroot=201L0L&_=1550407884539, line 1: SyntaxError: unexpected token: ':'
1550407894169	Marionette	INFO	Stopped listening on port 57596
JavaScript error: https://resources.g7s.huoyunren.com/??/gateway/js/jQuery.speech.min.js,/gateway/js/yanue.pop.min.js,/gateway/js/demo.min.js,/gateway/js/leftmenu.min.js,/gateway/js/gateway.min.js,/gateway/js/app.min.js,/gateway/js/jquery.downloadPop.min.js,/gateway/js/langlanguage.min.js,/gateway/js/topbar.min.js,/gateway/js/extra.min.js,/gateway/js/userguide.min.js?v=20181121, line 11: TypeError: lang_site is undefined
JavaScript error: jar:file:///C:/Program%20Files/Mozilla%20Firefox/omni.ja!/components/amInstallTrigger.js, line 40: TypeError: window.docShell is null
JavaScript error: https://resources.g7s.huoyunren.com/??/js/libs/jquery-3.3.1.min.js,/js/libs/jquery-ui-1.12.1.min.js,/gateway/js/libs/lodash-4.17.5.min.js,/js/yepnopejs/yepnope.1.5.4-min.js,/js/bootstrap/bootstrap.min.js,/gateway/js/notification/SmartNotification.min.js,/js/smartwidgets/jarvis.widget.min.js,/js/plugin/jquery-validate/jquery.validate.min.js,/js/plugin/jquery-validate/jquery.validate.ext.min.js,/js/plugin/jquery-validate/messages_bs_zh.min.js,/js/plugin/masked-input/jquery.maskedinput.min.js,/js/plugin/bootstrap-slider/bootstrap-slider.min.js,/js/plugin/msie-fix/jquery.mb.browser.min.js,/js/plugin/smartclick/smartclick.min.js,/js/plugin/jquerycookie/jquery.cookie.min.js,/js/plugin/blockui/jquery.blockUI.min.js,/js/plugin/iframeresizer/js/iframeResizer.min.js,/gateway/js/iframe.min.js,/gateway/js/notify.min.js,/gateway/js/libs/ipscomet.min.js,/gateway/js/plugin/guploadify/jquery.guploadify.min.js,/gateway/js/browser.min.js?v=20181121, line 2: NS_ERROR_NOT_INITIALIZED: 
[Child 8812, Chrome_ChildThread] WARNING: pipe error: 109: file z:/build/build/src/ipc/chromium/src/chrome/common/ipc_channel_win.cc, line 332
[Child 88[Child 8284, Chrome_ChildThread] WARNING: pipe error: 109: file z:/build/build/src/ipc/chromium/src/chrome/common/ipc_channel_win.cc, line 332
[Child 8284, Chr
###!!! [Child][RunMessage] Error: Channel closing: too late to send/recv, messages will be lost

[GPU 1424, Chrom1550409299334	mozrunner::runner	INFO	Running command: "C:\\Program Files\\Mozilla Firefox\\firefox.exe" "-marionette" "-foreground" "-no-remote" "-profile" "C:\\Users\\G7\\AppData\\Local\\Temp\\rust_mozprofile.op5NnRA8bBsK"
1550409300974	addons.webextension.screenshots@mozilla.org	WARN	Loading extension 'screenshots@mozilla.org': Reading manifest: Invalid host permission: resource://pdf.js/
1550409300974	addons.webextension.screenshots@mozilla.org	WARN	Loading extension 'screenshots@mozilla.org': Reading manifest: Invalid host permission: about:reader*
1550409303558	Marionette	INFO	Listening on port 63258
1550409303717	Marionette	WARN	TLS certificate errors will be ignored for this session
JavaScript error: https://resources.g7s.huoyunren.com/??/js/libs/jquery-2.0.2.min.js,/js/libs/jquery-ui-1.10.3.min.js,/js/bootstrap/bootstrap.min.js,/js/yepnopejs/yepnope.1.5.4-min.js,/js/notification/SmartNotification.min.js,/js/smartwidgets/jarvis.widget.min.js,/js/plugin/easy-pie-chart/jquery.easy-pie-chart.min.js,/js/plugin/sparkline/jquery.sparkline.min.js,/js/plugin/jquery-validate/jquery.validate.min.js,/js/plugin/masked-input/jquery.maskedinput.min.js,/js/plugin/select2/select2.js,/js/plugin/bootstrap-slider/bootstrap-slider.min.js,/js/plugin/msie-fix/jquery.mb.browser.min.js,/js/plugin/smartclick/smartclick.js,/js/plugin/jquerycookie/jquery.cookie.js,/js/plugin/jquery-validate/jquery.validate.ext.js,/js/blackbirdjs/blackbird.js,/js/plugin/jquery-validate/messages_bs_zh.js,/js/plugin/blockui/jquery.blockUI.js,/js/plugin/iframeresizer/js/iframeResizer.contentWindow.min.js,/js/plugin/date/moment.js,/js/plugin/date/daterangepicker.js, line 28: TypeError: document.body is null
JavaScript error: https://resources.g7s.huoyunren.com/??/js/libs/jquery-2.0.2.min.js,/js/libs/jquery-ui-1.10.3.min.js,/js/bootstrap/bootstrap.min.js,/js/yepnopejs/yepnope.1.5.4-min.js,/js/notification/SmartNotification.min.js,/js/smartwidgets/jarvis.widget.min.js,/js/plugin/easy-pie-chart/jquery.easy-pie-chart.min.js,/js/plugin/sparkline/jquery.sparkline.min.js,/js/plugin/jquery-validate/jquery.validate.min.js,/js/plugin/masked-input/jquery.maskedinput.min.js,/js/plugin/select2/select2.js,/js/plugin/bootstrap-slider/bootstrap-slider.min.js,/js/plugin/msie-fix/jquery.mb.browser.min.js,/js/plugin/smartclick/smartclick.js,/js/plugin/jquerycookie/jquery.cookie.js,/js/plugin/jquery-validate/jquery.validate.ext.js,/js/blackbirdjs/blackbird.js,/js/plugin/jquery-validate/messages_bs_zh.js,/js/plugin/blockui/jquery.blockUI.js,/js/plugin/iframeresizer/js/iframeResizer.contentWindow.min.js,/js/plugin/date/moment.js,/js/plugin/date/daterangepicker.js, line 28: TypeError: document.body is null
JavaScript error: http://g7s.huoyunren.com/inside.php?t=json&m=index&f=setUserToken&_TOKEN=f95ec447e4e3741ece5c1f15bfec4049&orgroot=201L0L&_=1550409317651, line 1: SyntaxError: unexpected token: ':'
JavaScript error: http://g7s.huoyunren.com/inside.php?t=json&m=index&f=setUserToken&_TOKEN=f95ec447e4e3741ece5c1f15bfec4049&orgroot=201L0L&_=1550409317648, line 1: SyntaxError: unexpected token: ':'
JavaScript error: http://g7s.huoyunren.com/inside.php?t=json&m=index&f=setUserToken&_TOKEN=f95ec447e4e3741ece5c1f15bfec4049&orgroot=201L0L&_=1550409317653, line 1: SyntaxError: unexpected token: ':'
JavaScript error: http://g7s.archives.huoyunren.com/inside.php?t=json&m=index&f=setUserToken&_TOKEN=f95ec447e4e3741ece5c1f15bfec4049&orgroot=201L0L&_=1550409317641, line 1: SyntaxError: unexpected token: ':'
JavaScript error: http://g7s.huoyunren.com/inside.php?t=json&m=index&f=setUserToken&_TOKEN=f95ec447e4e3741ece5c1f15bfec4049&orgroot=201L0L&_=1550409317655, line 1: SyntaxError: unexpected token: ':'
JavaScript error: http://g7s.truck.huoyunren.com/inside.php?t=json&m=index&f=setUserToken&_TOKEN=f95ec447e4e3741ece5c1f15bfec4049&orgroot=201L0L&_=1550409317633, line 1: SyntaxError: unexpected token: ':'
JavaScript error: http://g7s.huoyunren.com/inside.php?t=json&m=index&f=setUserToken&_TOKEN=f95ec447e4e3741ece5c1f15bfec4049&orgroot=201L0L&_=1550409317656, line 1: SyntaxError: unexpected token: ':'
JavaScript error: http://g7s.classline.huoyunren.com/inside.php?t=json&m=index&f=setUserToken&_TOKEN=f95ec447e4e3741ece5c1f15bfec4049&orgroot=201L0L&_=1550409317634, line 1: SyntaxError: unexpected token: ':'
JavaScript error: http://cost.truck.g7s.huoyunren.com/inside.php?t=json&m=index&f=setUserToken&_TOKEN=f95ec447e4e3741ece5c1f15bfec4049&orgroot=201L0L&_=1550409317644, line 1: SyntaxError: unexpected token: ':'
JavaScript error: http://credit.g7s.huoyunren.com/inside.php?t=json&m=index&f=setUserToken&_TOKEN=f95ec447e4e3741ece5c1f15bfec4049&orgroot=201L0L&_=1550409317642, line 1: SyntaxError: unexpected token: ':'
JavaScript error: http://g7s.fuel.huoyunren.com/inside.php?t=json&m=index&f=setUserToken&_TOKEN=f95ec447e4e3741ece5c1f15bfec4049&orgroot=201L0L&_=1550409317645, line 1: SyntaxError: unexpected token: ':'
1550409327286	Marionette	INFO	Stopped listening on port 63258
JavaScript error: http://g7s.huoyunren.com/js/head.js?v=20181123, line 235: TypeError: window.sessionStorage is null
JavaScript error: jar:file:///C:/Program%20Files/Mozilla%20Firefox/omni.ja!/components/amInstallTrigger.js, line 40: TypeError: window.docShell is null
JavaScript error: https://resources.g7s.huoyunren.com/??/js/libs/jquery-3.3.1.min.js,/js/libs/jquery-ui-1.12.1.min.js,/gateway/js/libs/lodash-4.17.5.min.js,/js/yepnopejs/yepnope.1.5.4-min.js,/js/bootstrap/bootstrap.min.js,/gateway/js/notification/SmartNotification.min.js,/js/smartwidgets/jarvis.widget.min.js,/js/plugin/jquery-validate/jquery.validate.min.js,/js/plugin/jquery-validate/jquery.validate.ext.min.js,/js/plugin/jquery-validate/messages_bs_zh.min.js,/js/plugin/masked-input/jquery.maskedinput.min.js,/js/plugin/bootstrap-slider/bootstrap-slider.min.js,/js/plugin/msie-fix/jquery.mb.browser.min.js,/js/plugin/smartclick/smartclick.min.js,/js/plugin/jquerycookie/jquery.cookie.min.js,/js/plugin/blockui/jquery.blockUI.min.js,/js/plugin/iframeresizer/js/iframeResizer.min.js,/gateway/js/iframe.min.js,/gateway/js/notify.min.js,/gateway/js/libs/ipscomet.min.js,/gateway/js/plugin/guploadify/jquery.guploadify.min.js,/gateway/js/browser.min.js?v=20181121, line 2: NS_ERROR_NOT_INITIALIZED: 
[Child 11988, Chrome_ChildThrea
###!!! [Child][RunMessage] Error: Channel closing: too late to send/recv, messages will be lost

d] WARNING: pipe error: 109: file z:/build/build/src/ipc/chromium/src/chrome/common/ipc_channel_win.cc, line 332
[Child[Child 2388, Chrome_ChildThread] WARNING: pipe error: 109: file z:/build/build/src/ipc/chromium/src/chrome/common/ipc_channel_win.cc, line 332
[Child 2388, Chrome_ChildThread] WARNING: pi
###!!! [Child][RunMessage] Error: Channel closing: too late to send/recv, messages will be lost

[GPU 11940, Chrome_Ch
###!!! [Child][MessageChannel::SendAndWait] Error: Channel error: cannot send/recv

1550413970824	mozrunner::runner	INFO	Running command: "C:\\Program Files\\Mozilla Firefox\\firefox.exe" "-marionette" "-foreground" "-no-remote" "-profile" "C:\\Users\\G7\\AppData\\Local\\Temp\\rust_mozprofile.XkzJrzrJh2M2"
1550413972069	addons.webextension.screenshots@mozilla.org	WARN	Loading extension 'screenshots@mozilla.org': Reading manifest: Invalid host permission: resource://pdf.js/
1550413972069	addons.webextension.screenshots@mozilla.org	WARN	Loading extension 'screenshots@mozilla.org': Reading manifest: Invalid host permission: about:reader*
[Child 10220, Chrome_ChildThread] WARNING: pipe error: 109: file z:/build/build/src/ipc/chromium/src/chrome/common/ipc_channel_win.cc, line 332
[Child 10220, Chrome_ChildThread] WARNING: pipe1550413974972	Marionette	INFO	Listening on port 64310
1550413976142	Marionette	WARN	TLS certificate errors will be ignored for this session
JavaScript error: https://resources.g7s.huoyunren.com/??/js/libs/jquery-2.0.2.min.js,/js/libs/jquery-ui-1.10.3.min.js,/js/bootstrap/bootstrap.min.js,/js/yepnopejs/yepnope.1.5.4-min.js,/js/notification/SmartNotification.min.js,/js/smartwidgets/jarvis.widget.min.js,/js/plugin/easy-pie-chart/jquery.easy-pie-chart.min.js,/js/plugin/sparkline/jquery.sparkline.min.js,/js/plugin/jquery-validate/jquery.validate.min.js,/js/plugin/masked-input/jquery.maskedinput.min.js,/js/plugin/select2/select2.js,/js/plugin/bootstrap-slider/bootstrap-slider.min.js,/js/plugin/msie-fix/jquery.mb.browser.min.js,/js/plugin/smartclick/smartclick.js,/js/plugin/jquerycookie/jquery.cookie.js,/js/plugin/jquery-validate/jquery.validate.ext.js,/js/blackbirdjs/blackbird.js,/js/plugin/jquery-validate/messages_bs_zh.js,/js/plugin/blockui/jquery.blockUI.js,/js/plugin/iframeresizer/js/iframeResizer.contentWindow.min.js,/js/plugin/date/moment.js,/js/plugin/date/daterangepicker.js, line 28: TypeError: document.body is null
JavaScript error: https://resources.g7s.huoyunren.com/??/js/libs/jquery-2.0.2.min.js,/js/libs/jquery-ui-1.10.3.min.js,/js/bootstrap/bootstrap.min.js,/js/yepnopejs/yepnope.1.5.4-min.js,/js/notification/SmartNotification.min.js,/js/smartwidgets/jarvis.widget.min.js,/js/plugin/easy-pie-chart/jquery.easy-pie-chart.min.js,/js/plugin/sparkline/jquery.sparkline.min.js,/js/plugin/jquery-validate/jquery.validate.min.js,/js/plugin/masked-input/jquery.maskedinput.min.js,/js/plugin/select2/select2.js,/js/plugin/bootstrap-slider/bootstrap-slider.min.js,/js/plugin/msie-fix/jquery.mb.browser.min.js,/js/plugin/smartclick/smartclick.js,/js/plugin/jquerycookie/jquery.cookie.js,/js/plugin/jquery-validate/jquery.validate.ext.js,/js/blackbirdjs/blackbird.js,/js/plugin/jquery-validate/messages_bs_zh.js,/js/plugin/blockui/jquery.blockUI.js,/js/plugin/iframeresizer/js/iframeResizer.contentWindow.min.js,/js/plugin/date/moment.js,/js/plugin/date/daterangepicker.js, line 28: TypeError: document.body is null
JavaScript error: http://g7s.truck.huoyunren.com/inside.php?t=json&m=index&f=setUserToken&_TOKEN=a1b76b867bc721b995ec65a4f97fdf9c&orgroot=201L0L&_=1550413990636, line 1: SyntaxError: unexpected token: ':'
JavaScript error: http://g7s.huoyunren.com/inside.php?t=json&m=index&f=setUserToken&_TOKEN=a1b76b867bc721b995ec65a4f97fdf9c&orgroot=201L0L&_=1550413990651, line 1: SyntaxError: unexpected token: ':'
JavaScript error: http://g7s.huoyunren.com/inside.php?t=json&m=index&f=setUserToken&_TOKEN=a1b76b867bc721b995ec65a4f97fdf9c&orgroot=201L0L&_=1550413990656, line 1: SyntaxError: unexpected token: ':'
JavaScript error: http://g7s.huoyunren.com/inside.php?t=json&m=index&f=setUserToken&_TOKEN=a1b76b867bc721b995ec65a4f97fdf9c&orgroot=201L0L&_=1550413990654, line 1: SyntaxError: unexpected token: ':'
JavaScript error: http://g7s.huoyunren.com/inside.php?t=json&m=index&f=setUserToken&_TOKEN=a1b76b867bc721b995ec65a4f97fdf9c&orgroot=201L0L&_=1550413990659, line 1: SyntaxError: unexpected token: ':'
JavaScript error: http://g7s.huoyunren.com/inside.php?t=json&m=index&f=setUserToken&_TOKEN=a1b76b867bc721b995ec65a4f97fdf9c&orgroot=201L0L&_=1550413990658, line 1: SyntaxError: unexpected token: ':'
JavaScript error: http://g7s.archives.huoyunren.com/inside.php?t=json&m=index&f=setUserToken&_TOKEN=a1b76b867bc721b995ec65a4f97fdf9c&orgroot=201L0L&_=1550413990644, line 1: SyntaxError: unexpected token: ':'
JavaScript error: http://cost.truck.g7s.huoyunren.com/inside.php?t=json&m=index&f=setUserToken&_TOKEN=a1b76b867bc721b995ec65a4f97fdf9c&orgroot=201L0L&_=1550413990647, line 1: SyntaxError: unexpected token: ':'
JavaScript error: http://g7s.event.huoyunren.com/inside.php?t=json&m=index&f=setUserToken&_TOKEN=a1b76b867bc721b995ec65a4f97fdf9c&orgroot=201L0L&_=1550413990649, line 1: SyntaxError: unexpected token: ':'
JavaScript error: http://credit.g7s.huoyunren.com/inside.php?t=json&m=index&f=setUserToken&_TOKEN=a1b76b867bc721b995ec65a4f97fdf9c&orgroot=201L0L&_=1550413990645, line 1: SyntaxError: unexpected token: ':'
JavaScript error: http://g7s.classline.huoyunren.com/inside.php?t=json&m=index&f=setUserToken&_TOKEN=a1b76b867bc721b995ec65a4f97fdf9c&orgroot=201L0L&_=1550413990637, line 1: SyntaxError: unexpected token: ':'
JavaScript error: http://g7s.fuel.huoyunren.com/inside.php?t=json&m=index&f=setUserToken&_TOKEN=a1b76b867bc721b995ec65a4f97fdf9c&orgroot=201L0L&_=1550413990648, line 1: SyntaxError: unexpected token: ':'
JavaScript error: http://g7s.xhyr.huoyunren.com/inside.php?t=json&m=index&f=setUserToken&_TOKEN=a1b76b867bc721b995ec65a4f97fdf9c&orgroot=201L0L&_=1550413990650, line 1: SyntaxError: expected expression, got '<'
JavaScript error: http://g7s.api.huoyunren.com/inside.php?t=json&m=index&f=setUserToken&_TOKEN=a1b76b867bc721b995ec65a4f97fdf9c&orgroot=201L0L&_=1550413990655, line 1: SyntaxError: unexpected token: ':'
1550414000209	Marionette	INFO	Stopped listening on port 64310
JavaScript error: http://g7s.huoyunren.com/js/head.js?v=20181123, line 235: TypeError: window.sessionStorage is null
JavaScript error: jar:file:///C:/Program%20Files/Mozilla%20Firefox/omni.ja!/components/amInstallTrigger.js, line 40: TypeError: window.docShell is null
[Child 11328, Chrome_ChildThread] WARNING: pipe error: 109: file z:/build/build/src/ipc/chromium/src/chrome/common/ipc_channel_win.cc, line 332
[ChilJavaScript error: https://resources.g7s.huoyunren.com/??/js/libs/jquery-3.3.1.min.js,/js/libs/jquery-ui-1.12.1.min.js,/gateway/js/libs/lodash-4.17.5.min.js,/js/yepnopejs/yepnope.1.5.4-min.js,/js/bootstrap/bootstrap.min.js,/gateway/js/notification/SmartNotification.min.js,/js/smartwidgets/jarvis.widget.min.js,/js/plugin/jquery-validate/jquery.validate.min.js,/js/plugin/jquery-validate/jquery.validate.ext.min.js,/js/plugin/jquery-validate/messages_bs_zh.min.js,/js/plugin/masked-input/jquery.maskedinput.min.js,/js/plugin/bootstrap-slider/bootstrap-slider.min.js,/js/plugin/msie-fix/jquery.mb.browser.min.js,/js/plugin/smartclick/smartclick.min.js,/js/plugin/jquerycookie/jquery.cookie.min.js,/js/plugin/blockui/jquery.blockUI.min.js,/js/plugin/iframeresizer/js/iframeResizer.min.js,/gateway/js/iframe.min.js,/gateway/js/notify.min.js,/gateway/js/libs/ipscomet.min.js,/gateway/js/plugin/guploadify/jquery.guploadify.min.js,/gateway/js/browser.min.js?v=20181121, line 2: NS_ERROR_NOT_INITIALIZED: 
[Child 788, Chrome_ChildThread] WARNING: pipe error: 109: file z:/build/build/src/ipc/chromium/src/chrome/common/ipc_channel_win.cc, line 332
[Child 788, Chrome_ChildThread] WARNING: pipe error: 109: file z:/build/build/src/ipc/chrom[GPU 11784, Chrome_Chi1550414163081	mozrunner::runner	INFO	Running command: "C:\\Program Files\\Mozilla Firefox\\firefox.exe" "-marionette" "-foreground" "-no-remote" "-profile" "C:\\Users\\G7\\AppData\\Local\\Temp\\rust_mozprofile.EyTjQMGp7I0u"
1550414163574	addons.webextension.screenshots@mozilla.org	WARN	Loading extension 'screenshots@mozilla.org': Reading manifest: Invalid host permission: resource://pdf.js/
1550414163574	addons.webextension.screenshots@mozilla.org	WARN	Loading extension 'screenshots@mozilla.org': Reading manifest: Invalid host permission: about:reader*
1550414165482	Marionette	INFO	Listening on port 64471
1550414165809	Marionette	WARN	TLS certificate errors will be ignored for this session
JavaScript error: https://resources.g7s.huoyunren.com/??/js/libs/jquery-2.0.2.min.js,/js/libs/jquery-ui-1.10.3.min.js,/js/bootstrap/bootstrap.min.js,/js/yepnopejs/yepnope.1.5.4-min.js,/js/notification/SmartNotification.min.js,/js/smartwidgets/jarvis.widget.min.js,/js/plugin/easy-pie-chart/jquery.easy-pie-chart.min.js,/js/plugin/sparkline/jquery.sparkline.min.js,/js/plugin/jquery-validate/jquery.validate.min.js,/js/plugin/masked-input/jquery.maskedinput.min.js,/js/plugin/select2/select2.js,/js/plugin/bootstrap-slider/bootstrap-slider.min.js,/js/plugin/msie-fix/jquery.mb.browser.min.js,/js/plugin/smartclick/smartclick.js,/js/plugin/jquerycookie/jquery.cookie.js,/js/plugin/jquery-validate/jquery.validate.ext.js,/js/blackbirdjs/blackbird.js,/js/plugin/jquery-validate/messages_bs_zh.js,/js/plugin/blockui/jquery.blockUI.js,/js/plugin/iframeresizer/js/iframeResizer.contentWindow.min.js,/js/plugin/date/moment.js,/js/plugin/date/daterangepicker.js, line 28: TypeError: document.body is null
JavaScript error: https://resources.g7s.huoyunren.com/??/js/libs/jquery-2.0.2.min.js,/js/libs/jquery-ui-1.10.3.min.js,/js/bootstrap/bootstrap.min.js,/js/yepnopejs/yepnope.1.5.4-min.js,/js/notification/SmartNotification.min.js,/js/smartwidgets/jarvis.widget.min.js,/js/plugin/easy-pie-chart/jquery.easy-pie-chart.min.js,/js/plugin/sparkline/jquery.sparkline.min.js,/js/plugin/jquery-validate/jquery.validate.min.js,/js/plugin/masked-input/jquery.maskedinput.min.js,/js/plugin/select2/select2.js,/js/plugin/bootstrap-slider/bootstrap-slider.min.js,/js/plugin/msie-fix/jquery.mb.browser.min.js,/js/plugin/smartclick/smartclick.js,/js/plugin/jquerycookie/jquery.cookie.js,/js/plugin/jquery-validate/jquery.validate.ext.js,/js/blackbirdjs/blackbird.js,/js/plugin/jquery-validate/messages_bs_zh.js,/js/plugin/blockui/jquery.blockUI.js,/js/plugin/iframeresizer/js/iframeResizer.contentWindow.min.js,/js/plugin/date/moment.js,/js/plugin/date/daterangepicker.js, line 28: TypeError: document.body is null
JavaScript error: http://g7s.truck.huoyunren.com/inside.php?t=json&m=index&f=setUserToken&_TOKEN=b754f01d4d40ba7bc96f62708c821de9&orgroot=201L0L&_=1550414178505, line 1: SyntaxError: unexpected token: ':'
JavaScript error: http://g7s.e-bidding.huoyunren.com/inside.php?t=json&m=index&f=setUserToken&_TOKEN=b754f01d4d40ba7bc96f62708c821de9&orgroot=201L0L&_=1550414178510, line 1: SyntaxError: unexpected token: ':'
JavaScript error: http://g7s.archives.huoyunren.com/inside.php?t=json&m=index&f=setUserToken&_TOKEN=b754f01d4d40ba7bc96f62708c821de9&orgroot=201L0L&_=1550414178513, line 1: SyntaxError: unexpected token: ':'
JavaScript error: http://g7s.huoyunren.com/inside.php?t=json&m=index&f=setUserToken&_TOKEN=b754f01d4d40ba7bc96f62708c821de9&orgroot=201L0L&_=1550414178520, line 1: SyntaxError: unexpected token: ':'
JavaScript error: http://g7s.joint.huoyunren.com/inside.php?t=json&m=index&f=setUserToken&_TOKEN=b754f01d4d40ba7bc96f62708c821de9&orgroot=201L0L&_=1550414178507, line 1: SyntaxError: unexpected token: ':'
JavaScript error: http://g7s.huoyunren.com/inside.php?t=json&m=index&f=setUserToken&_TOKEN=b754f01d4d40ba7bc96f62708c821de9&orgroot=201L0L&_=1550414178527, line 1: SyntaxError: unexpected token: ':'
JavaScript error: http://g7s.dispatch.huoyunren.com/inside.php?t=json&m=index&f=setUserToken&_TOKEN=b754f01d4d40ba7bc96f62708c821de9&orgroot=201L0L&_=1550414178509, line 1: SyntaxError: unexpected token: ':'
JavaScript error: http://yunli.g7.com.cn/inside.php?t=json&m=index&f=setUserToken&_TOKEN=b754f01d4d40ba7bc96f62708c821de9&orgroot=201L0L&_=1550414178515, line 1: SyntaxError: unexpected token: ':'
JavaScript error: http://g7s.event.huoyunren.com/inside.php?t=json&m=index&f=setUserToken&_TOKEN=b754f01d4d40ba7bc96f62708c821de9&orgroot=201L0L&_=1550414178518, line 1: SyntaxError: unexpected token: ':'
JavaScript error: http://g7s.huoyunren.com/inside.php?t=json&m=index&f=setUserToken&_TOKEN=b754f01d4d40ba7bc96f62708c821de9&orgroot=201L0L&_=1550414178523, line 1: SyntaxError: unexpected token: ':'
JavaScript error: http://g7s.huoyunren.com/inside.php?t=json&m=index&f=setUserToken&_TOKEN=b754f01d4d40ba7bc96f62708c821de9&orgroot=201L0L&_=1550414178525, line 1: SyntaxError: unexpected token: ':'
JavaScript error: http://g7s.zpt.huoyunren.com/inside.php?t=json&m=index&f=setUserToken&_TOKEN=b754f01d4d40ba7bc96f62708c821de9&orgroot=201L0L&_=1550414178508, line 1: SyntaxError: unexpected token: ':'
JavaScript error: http://g7s.huoyunren.com/inside.php?t=json&m=index&f=setUserToken&_TOKEN=b754f01d4d40ba7bc96f62708c821de9&orgroot=201L0L&_=1550414178528, line 1: SyntaxError: unexpected token: ':'
JavaScript error: http://g7s.api.huoyunren.com/inside.php?t=json&m=index&f=setUserToken&_TOKEN=b754f01d4d40ba7bc96f62708c821de9&orgroot=201L0L&_=1550414178524, line 1: SyntaxError: unexpected token: ':'
JavaScript error: http://g7s.fuel.huoyunren.com/inside.php?t=json&m=index&f=setUserToken&_TOKEN=b754f01d4d40ba7bc96f62708c821de9&orgroot=201L0L&_=1550414178517, line 1: SyntaxError: unexpected token: ':'
JavaScript error: http://cost.truck.g7s.huoyunren.com/inside.php?t=json&m=index&f=setUserToken&_TOKEN=b754f01d4d40ba7bc96f62708c821de9&orgroot=201L0L&_=1550414178516, line 1: SyntaxError: unexpected token: ':'
JavaScript error: http://g7s.xhyr.huoyunren.com/inside.php?t=json&m=index&f=setUserToken&_TOKEN=b754f01d4d40ba7bc96f62708c821de9&orgroot=201L0L&_=1550414178519, line 1: SyntaxError: expected expression, got '<'
JavaScript error: http://g7s.truckmanager.huoyunren.com/inside.php?t=json&m=index&f=setUserToken&_TOKEN=b754f01d4d40ba7bc96f62708c821de9&orgroot=201L0L&_=1550414178521, line 1: SyntaxError: unexpected token: ':'
JavaScript error: http://credit.g7s.huoyunren.com/inside.php?t=json&m=index&f=setUserToken&_TOKEN=b754f01d4d40ba7bc96f62708c821de9&orgroot=201L0L&_=1550414178514, line 1: SyntaxError: unexpected token: ':'
JavaScript error: http://g7s.amazon.ctr.huoyunren.com/inside.php?t=json&m=index&f=setUserToken&_TOKEN=b754f01d4d40ba7bc96f62708c821de9&orgroot=201L0L&_=1550414178526, line 1: SyntaxError: unexpected token: ':'
1550414188124	Marionette	INFO	Stopped listening on port 64471
[Parent 3040, Gecko_IOThread] WARNING: pipe error: 109: file z:/build/build/src/ipc/chromium/src/chrome/common/ipc_channel_win.cc, line 332
JavaScript error: jar:file:///C:/Program%20Files/Mozilla%20Firefox/omni.ja!/components/amInstallTrigger.js, line 40: TypeError: window.docShell is null
JavaScript error: https://resources.g7s.huoyunren.com/??/js/libs/jquery-3.3.1.min.js,/js/libs/jquery-ui-1.12.1.min.js,/gateway/js/libs/lodash-4.17.5.min.js,/js/yepnopejs/yepnope.1.5.4-min.js,/js/bootstrap/bootstrap.min.js,/gateway/js/notification/SmartNotification.min.js,/js/smartwidgets/jarvis.widget.min.js,/js/plugin/jquery-validate/jquery.validate.min.js,/js/plugin/jquery-validate/jquery.validate.ext.min.js,/js/plugin/jquery-validate/messages_bs_zh.min.js,/js/plugin/masked-input/jquery.maskedinput.min.js,/js/plugin/bootstrap-slider/bootstrap-slider.min.js,/js/plugin/msie-fix/jquery.mb.browser.min.js,/js/plugin/smartclick/smartclick.min.js,/js/plugin/jquerycookie/jquery.cookie.min.js,/js/plugin/blockui/jquery.blockUI.min.js,/js/plugin/iframeresizer/js/iframeResizer.min.js,/gateway/js/iframe.min.js,/gateway/js/notify.min.js,/gateway/js/libs/ipscomet.min.js,/gateway/js/plugin/guploadify/jquery.guploadify.min.js,/gateway/js/browser.min.js?v=20181121, line 2: NS_ERROR_NOT_INITIALIZED: 
[Child 11004, Chrome_ChildThread] WARNING: pipe error: 109: file z:/build/build/src/ipc/chromium/src/chrome/common/ipc_channel_win.cc, line 332
JavaScript error: resource:///modules/ContentMetaHandler.jsm, line 156: NS_ERROR_ILLEGAL_VALUE: 
[Child 11004, Chrome
###!!! [Child][MessageChannel] Error: (msgtype=0x3500B9,name=PContent::Msg_ScriptError) Channel closing: too late to send/recv, messages will be lost

_ChildThread] WARNING: pipe error:
###!!! [Child][MessageChannel] Error: (msgtype=0x3500B9,name=PContent::Msg_ScriptError) Channel closing: too late to send/recv, messages will be lost

 109: 
###!!! [Child][MessageChannel] Error: (msgtype=0x5F0016,name=PNecko::Msg_PredLearn) Channel closing: too late to send/recv, messages will be lost

file z:/bu
###!!! [Child][MessageChannel] Error: (msgtype=0x3500B9,name=PContent::Msg_ScriptError) Channel closing: too late to send/recv, messages will be lost

ild/build/src/ipc/chromium/src/chrome/common/ipc_channel_win.cc, line 332

###!!! [Child][MessageChannel] Error: (msgtype=0x3500B9,name=PContent::Msg_ScriptError) Channel closing: too late to send/recv, messages will be lost


###!!! [Child][RunMessage] Error: Channel closing: too late to send/recv, messages will be lost


###!!! [Child][MessageChannel] Error: (msgtype=0x3500B9,name=PContent::Msg_ScriptError) Channel closing: too late to send/recv, messages will be lost


###!!! [Child][RunMessage] Error: Channel closing: too late to send/recv, messages will be lost


###!!! [Child][RunMessage] Error: Channel closing: too late to send/recv, messages will be lost


###!!! [Child][RunMessage] Error: Channel closing: too late to send/recv, messages will be lost

[GPU 10100, Chro
###!!! [Child][MessageChannel::SendAndWait] Error: Channel error: cannot send/recv

1550415614655	mozrunner::runner	INFO	Running command: "C:\\Program Files\\Mozilla Firefox\\firefox.exe" "-marionette" "-foreground" "-no-remote" "-profile" "C:\\Users\\G7\\AppData\\Local\\Temp\\rust_mozprofile.l2APr82P4VV3"
1550415616287	addons.webextension.screenshots@mozilla.org	WARN	Loading extension 'screenshots@mozilla.org': Reading manifest: Invalid host permission: resource://pdf.js/
1550415616287	addons.webextension.screenshots@mozilla.org	WARN	Loading extension 'screenshots@mozilla.org': Reading manifest: Invalid host permission: about:reader*
1550415619246	Marionette	INFO	Listening on port 62535
1550415619595	Marionette	WARN	TLS certificate errors will be ignored for this session
JavaScript error: https://resources.g7s.huoyunren.com/??/js/libs/jquery-2.0.2.min.js,/js/libs/jquery-ui-1.10.3.min.js,/js/bootstrap/bootstrap.min.js,/js/yepnopejs/yepnope.1.5.4-min.js,/js/notification/SmartNotification.min.js,/js/smartwidgets/jarvis.widget.min.js,/js/plugin/easy-pie-chart/jquery.easy-pie-chart.min.js,/js/plugin/sparkline/jquery.sparkline.min.js,/js/plugin/jquery-validate/jquery.validate.min.js,/js/plugin/masked-input/jquery.maskedinput.min.js,/js/plugin/select2/select2.js,/js/plugin/bootstrap-slider/bootstrap-slider.min.js,/js/plugin/msie-fix/jquery.mb.browser.min.js,/js/plugin/smartclick/smartclick.js,/js/plugin/jquerycookie/jquery.cookie.js,/js/plugin/jquery-validate/jquery.validate.ext.js,/js/blackbirdjs/blackbird.js,/js/plugin/jquery-validate/messages_bs_zh.js,/js/plugin/blockui/jquery.blockUI.js,/js/plugin/iframeresizer/js/iframeResizer.contentWindow.min.js,/js/plugin/date/moment.js,/js/plugin/date/daterangepicker.js, line 28: TypeError: document.body is null
JavaScript error: https://resources.g7s.huoyunren.com/??/js/libs/jquery-2.0.2.min.js,/js/libs/jquery-ui-1.10.3.min.js,/js/bootstrap/bootstrap.min.js,/js/yepnopejs/yepnope.1.5.4-min.js,/js/notification/SmartNotification.min.js,/js/smartwidgets/jarvis.widget.min.js,/js/plugin/easy-pie-chart/jquery.easy-pie-chart.min.js,/js/plugin/sparkline/jquery.sparkline.min.js,/js/plugin/jquery-validate/jquery.validate.min.js,/js/plugin/masked-input/jquery.maskedinput.min.js,/js/plugin/select2/select2.js,/js/plugin/bootstrap-slider/bootstrap-slider.min.js,/js/plugin/msie-fix/jquery.mb.browser.min.js,/js/plugin/smartclick/smartclick.js,/js/plugin/jquerycookie/jquery.cookie.js,/js/plugin/jquery-validate/jquery.validate.ext.js,/js/blackbirdjs/blackbird.js,/js/plugin/jquery-validate/messages_bs_zh.js,/js/plugin/blockui/jquery.blockUI.js,/js/plugin/iframeresizer/js/iframeResizer.contentWindow.min.js,/js/plugin/date/moment.js,/js/plugin/date/daterangepicker.js, line 28: TypeError: document.body is null
JavaScript error: http://g7s.archives.huoyunren.com/inside.php?t=json&m=index&f=setUserToken&_TOKEN=523b14d4455e93df5f0447c7cf0f4554&orgroot=201L0L&_=1550415632627, line 1: SyntaxError: unexpected token: ':'
JavaScript error: http://yunli.g7.com.cn/inside.php?t=json&m=index&f=setUserToken&_TOKEN=523b14d4455e93df5f0447c7cf0f4554&orgroot=201L0L&_=1550415632629, line 1: SyntaxError: unexpected token: ':'
JavaScript error: http://g7s.huoyunren.com/inside.php?t=json&m=index&f=setUserToken&_TOKEN=523b14d4455e93df5f0447c7cf0f4554&orgroot=201L0L&_=1550415632634, line 1: SyntaxError: unexpected token: ':'
JavaScript error: http://g7s.truck.huoyunren.com/inside.php?t=json&m=index&f=setUserToken&_TOKEN=523b14d4455e93df5f0447c7cf0f4554&orgroot=201L0L&_=1550415632619, line 1: SyntaxError: unexpected token: ':'
JavaScript error: http://g7s.event.huoyunren.com/inside.php?t=json&m=index&f=setUserToken&_TOKEN=523b14d4455e93df5f0447c7cf0f4554&orgroot=201L0L&_=1550415632632, line 1: SyntaxError: unexpected token: ':'
JavaScript error: http://g7s.e-bidding.huoyunren.com/inside.php?t=json&m=index&f=setUserToken&_TOKEN=523b14d4455e93df5f0447c7cf0f4554&orgroot=201L0L&_=1550415632624, line 1: SyntaxError: unexpected token: ':'
JavaScript error: http://g7s.huoyunren.com/inside.php?t=json&m=index&f=setUserToken&_TOKEN=523b14d4455e93df5f0447c7cf0f4554&orgroot=201L0L&_=1550415632637, line 1: SyntaxError: unexpected token: ':'
JavaScript error: http://g7s.huoyunren.com/inside.php?t=json&m=index&f=setUserToken&_TOKEN=523b14d4455e93df5f0447c7cf0f4554&orgroot=201L0L&_=1550415632639, line 1: SyntaxError: unexpected token: ':'
JavaScript error: http://cost.truck.g7s.huoyunren.com/inside.php?t=json&m=index&f=setUserToken&_TOKEN=523b14d4455e93df5f0447c7cf0f4554&orgroot=201L0L&_=1550415632630, line 1: SyntaxError: unexpected token: ':'
JavaScript error: http://g7s.fuel.huoyunren.com/inside.php?t=json&m=index&f=setUserToken&_TOKEN=523b14d4455e93df5f0447c7cf0f4554&orgroot=201L0L&_=1550415632631, line 1: SyntaxError: unexpected token: ':'
JavaScript error: http://g7s.huoyunren.com/inside.php?t=json&m=index&f=setUserToken&_TOKEN=523b14d4455e93df5f0447c7cf0f4554&orgroot=201L0L&_=1550415632642, line 1: SyntaxError: unexpected token: ':'
JavaScript error: http://g7s.huoyunren.com/inside.php?t=json&m=index&f=setUserToken&_TOKEN=523b14d4455e93df5f0447c7cf0f4554&orgroot=201L0L&_=1550415632641, line 1: SyntaxError: unexpected token: ':'
JavaScript error: http://g7s.joint.huoyunren.com/inside.php?t=json&m=index&f=setUserToken&_TOKEN=523b14d4455e93df5f0447c7cf0f4554&orgroot=201L0L&_=1550415632621, line 1: SyntaxError: unexpected token: ':'
JavaScript error: http://g7s.zpt.huoyunren.com/inside.php?t=json&m=index&f=setUserToken&_TOKEN=523b14d4455e93df5f0447c7cf0f4554&orgroot=201L0L&_=1550415632622, line 1: SyntaxError: unexpected token: ':'
JavaScript error: http://g7s.api.huoyunren.com/inside.php?t=json&m=index&f=setUserToken&_TOKEN=523b14d4455e93df5f0447c7cf0f4554&orgroot=201L0L&_=1550415632638, line 1: SyntaxError: unexpected token: ':'
JavaScript error: http://credit.g7s.huoyunren.com/inside.php?t=json&m=index&f=setUserToken&_TOKEN=523b14d4455e93df5f0447c7cf0f4554&orgroot=201L0L&_=1550415632628, line 1: SyntaxError: unexpected token: ':'
JavaScript error: http://g7s.xhyr.huoyunren.com/inside.php?t=json&m=index&f=setUserToken&_TOKEN=523b14d4455e93df5f0447c7cf0f4554&orgroot=201L0L&_=1550415632633, line 1: SyntaxError: expected expression, got '<'
JavaScript error: http://g7s.amazon.ctr.huoyunren.com/inside.php?t=json&m=index&f=setUserToken&_TOKEN=523b14d4455e93df5f0447c7cf0f4554&orgroot=201L0L&_=1550415632640, line 1: SyntaxError: unexpected token: ':'
JavaScript error: http://insure.g7s.huoyunren.com/inside.php?t=json&m=index&f=setUserToken&_TOKEN=523b14d4455e93df5f0447c7cf0f4554&orgroot=201L0L&_=1550415632636, line 1: SyntaxError: unexpected token: ':'
JavaScript error: http://g7s.truckmanager.huoyunren.com/inside.php?t=json&m=index&f=setUserToken&_TOKEN=523b14d4455e93df5f0447c7cf0f4554&orgroot=201L0L&_=1550415632635, line 1: SyntaxError: unexpected token: ':'
1550415642345	Marionette	INFO	Stopped listening on port 62535
JavaScript error: http://g7s.huoyunren.com/js/head.js?v=20181123, line 235: TypeError: window.sessionStorage is null
JavaScript error: jar:file:///C:/Program%20Files/Mozilla%20Firefox/omni.ja!/components/amInstallTrigger.js, line 40: TypeError: window.docShell is null
[Child 1080, Chrome_ChildThread] WARNING: pipe error: 109: file z:/build/build/src/ipc/chromium/src/chrome/common/ipc_channel_win.cc, line 332
[Child 1080, Chrome_ChildThread] WARNING: pipe error: 109: file z:/build/build/srcJavaScript error: https://resources.g7s.huoyunren.com/??/js/libs/jquery-3.3.1.min.js,/js/libs/jquery-ui-1.12.1.min.js,/gateway/js/libs/lodash-4.17.5.min.js,/js/yepnopejs/yepnope.1.5.4-min.js,/js/bootstrap/bootstrap.min.js,/gateway/js/notification/SmartNotification.min.js,/js/smartwidgets/jarvis.widget.min.js,/js/plugin/jquery-validate/jquery.validate.min.js,/js/plugin/jquery-validate/jquery.validate.ext.min.js,/js/plugin/jquery-validate/messages_bs_zh.min.js,/js/plugin/masked-input/jquery.maskedinput.min.js,/js/plugin/bootstrap-slider/bootstrap-slider.min.js,/js/plugin/msie-fix/jquery.mb.browser.min.js,/js/plugin/smartclick/smartclick.min.js,/js/plugin/jquerycookie/jquery.cookie.min.js,/js/plugin/blockui/jquery.blockUI.min.js,/js/plugin/iframeresizer/js/iframeResizer.min.js,/gateway/js/iframe.min.js,/gateway/js/notify.min.js,/gateway/js/libs/ipscomet.min.js,/gateway/js/plugin/guploadify/jquery.guploadify.min.js,/gateway/js/browser.min.js?v=20181121, line 2: NS_ERROR_NOT_INITIALIZED: 
[Child 12248, Chrome_ChildThread] WARNING: pipe error: 109: file z:/build/build/src/ipc/chromium/src/chrome/common/ipc_channel_win.cc, line 332
[Chil
###!!! [Child][RunMessage] Error: Channel closing: too late to send/recv, messages will be lost

[GPU 9788, Chrome_Ch