1548516354294	mozrunner::runner	INFO	Running command: "C:\\Program Files\\Mozilla Firefox\\firefox.exe" "-marionette" "-foreground" "-no-remote" "-profile" "C:\\Users\\G7\\AppData\\Local\\Temp\\rust_mozprofile.E3pMPWUo5FNk"
1548516356820	addons.webextension.screenshots@mozilla.org	WARN	Loading extension 'screenshots@mozilla.org': Reading manifest: Invalid host permission: resource://pdf.js/
1548516356821	addons.webextension.screenshots@mozilla.org	WARN	Loading extension 'screenshots@mozilla.org': Reading manifest: Invalid host permission: about:reader*
1548516360619	Marionette	INFO	Listening on port 61013
1548516360846	Marionette	WARN	TLS certificate errors will be ignored for this session
JavaScript error: https://resources.g7s.huoyunren.com/??/js/libs/jquery-2.0.2.min.js,/js/libs/jquery-ui-1.10.3.min.js,/js/bootstrap/bootstrap.min.js,/js/yepnopejs/yepnope.1.5.4-min.js,/js/notification/SmartNotification.min.js,/js/smartwidgets/jarvis.widget.min.js,/js/plugin/easy-pie-chart/jquery.easy-pie-chart.min.js,/js/plugin/sparkline/jquery.sparkline.min.js,/js/plugin/jquery-validate/jquery.validate.min.js,/js/plugin/masked-input/jquery.maskedinput.min.js,/js/plugin/select2/select2.js,/js/plugin/bootstrap-slider/bootstrap-slider.min.js,/js/plugin/msie-fix/jquery.mb.browser.min.js,/js/plugin/smartclick/smartclick.js,/js/plugin/jquerycookie/jquery.cookie.js,/js/plugin/jquery-validate/jquery.validate.ext.js,/js/blackbirdjs/blackbird.js,/js/plugin/jquery-validate/messages_bs_zh.js,/js/plugin/blockui/jquery.blockUI.js,/js/plugin/iframeresizer/js/iframeResizer.contentWindow.min.js,/js/plugin/date/moment.js,/js/plugin/date/daterangepicker.js, line 28: TypeError: document.body is null
[Parent 5324, Gecko_IOThread] WARNING: pipe error: 109: file z:/build/build/src/ipc/chromium/src/chrome/common/ipc_channel_win.cc, line 346
[Child 3036, Chrome_ChildThread] WARNING: pipe error: 109: file z:/build/build/src/ipc/chromium/src/chrome/common/ipc_channel_win.cc, line 346
[Child 3036, Chrome_Ch1548516377591	Marionette	INFO	Stopped listening on port 61013

###!!! [Child][RunMessage] Error: Channel closing: too late to send/recv, messages will be lost

[GPU 8716, Chrome_Ch
###!!! [Child][MessageChannel::SendAndWait] Error: Channel error: cannot send/recv

1548516475899	mozrunner::runner	INFO	Running command: "C:\\Program Files\\Mozilla Firefox\\firefox.exe" "-marionette" "-foreground" "-no-remote" "-profile" "C:\\Users\\G7\\AppData\\Local\\Temp\\rust_mozprofile.eB4ZnlgD9ooD"
1548516477369	addons.webextension.screenshots@mozilla.org	WARN	Loading extension 'screenshots@mozilla.org': Reading manifest: Invalid host permission: resource://pdf.js/
1548516477369	addons.webextension.screenshots@mozilla.org	WARN	Loading extension 'screenshots@mozilla.org': Reading manifest: Invalid host permission: about:reader*
1548516479671	Marionette	INFO	Listening on port 61079
1548516479733	Marionette	WARN	TLS certificate errors will be ignored for this session
JavaScript error: https://resources.g7s.huoyunren.com/??/js/libs/jquery-2.0.2.min.js,/js/libs/jquery-ui-1.10.3.min.js,/js/bootstrap/bootstrap.min.js,/js/yepnopejs/yepnope.1.5.4-min.js,/js/notification/SmartNotification.min.js,/js/smartwidgets/jarvis.widget.min.js,/js/plugin/easy-pie-chart/jquery.easy-pie-chart.min.js,/js/plugin/sparkline/jquery.sparkline.min.js,/js/plugin/jquery-validate/jquery.validate.min.js,/js/plugin/masked-input/jquery.maskedinput.min.js,/js/plugin/select2/select2.js,/js/plugin/bootstrap-slider/bootstrap-slider.min.js,/js/plugin/msie-fix/jquery.mb.browser.min.js,/js/plugin/smartclick/smartclick.js,/js/plugin/jquerycookie/jquery.cookie.js,/js/plugin/jquery-validate/jquery.validate.ext.js,/js/blackbirdjs/blackbird.js,/js/plugin/jquery-validate/messages_bs_zh.js,/js/plugin/blockui/jquery.blockUI.js,/js/plugin/iframeresizer/js/iframeResizer.contentWindow.min.js,/js/plugin/date/moment.js,/js/plugin/date/daterangepicker.js, line 28: TypeError: document.body is null
[Parent 1788, Gecko_IOThread] WARNING: pipe error: 109: file z:/build/build/src/ipc/chromium/src/chrome/common/ipc_channel_win.cc, line 346
[Parent 1788, Gecko_IOThread] WARNING: pipe error: 109: file z:/build/build/src/ipc1548516626635	addons.webextension.screenshots@mozilla.org	WARN	Loading extension 'screenshots@mozilla.org': Reading manifest: Invalid host permission: resource://pdf.js/
1548516626635	addons.webexte1548516626776	Marionette	INFO	Stopped listening on port 61079

###!!! [Child][RunMessage] Error: Channel closing: too late to send/recv,1548516629102	Marionette	INFO	Listening on port 61144
1548516629275	Marionette	WARN	TLS certificate errors will be ignored for this session
JavaScript error: https://resources.g7s.huoyunren.com/??/js/libs/jquery-2.0.2.min.js,/js/libs/jquery-ui-1.10.3.min.js,/js/bootstrap/bootstrap.min.js,/js/yepnopejs/yepnope.1.5.4-min.js,/js/notification/SmartNotification.min.js,/js/smartwidgets/jarvis.widget.min.js,/js/plugin/easy-pie-chart/jquery.easy-pie-chart.min.js,/js/plugin/sparkline/jquery.sparkline.min.js,/js/plugin/jquery-validate/jquery.validate.min.js,/js/plugin/masked-input/jquery.maskedinput.min.js,/js/plugin/select2/select2.js,/js/plugin/bootstrap-slider/bootstrap-slider.min.js,/js/plugin/msie-fix/jquery.mb.browser.min.js,/js/plugin/smartclick/smartclick.js,/js/plugin/jquerycookie/jquery.cookie.js,/js/plugin/jquery-validate/jquery.validate.ext.js,/js/blackbirdjs/blackbird.js,/js/plugin/jquery-validate/messages_bs_zh.js,/js/plugin/blockui/jquery.blockUI.js,/js/plugin/iframeresizer/js/iframeResizer.contentWindow.min.js,/js/plugin/date/moment.js,/js/plugin/date/daterangepicker.js, line 28: TypeError: document.body is null
[Parent 3752, Gecko_IOThread] WARNING: pipe error: 109: file z:/build/build/src/ipc/chromium/src/chrome/common/ipc_channel_win.cc, line 346
[Child 7452, Chrome_ChildThread] WARNING: pipe error: 109: file z:/build/build/src/ipc/chromium/src/chrome/common/ipc_chann[eClh_iwlidn .8c4c7,2 ,l iCnher o3m4e6_
Child[TChhrielad 7452,d] WARNING: p iCphroe error: 109: file z:/build/build/src/ipc/chromium/src/chrome/common/ipc_channel_win.cc, line 346
[Child[Child 9412, Chrome_ChildThread] WARNING: pipe error: 109: file z:/build/build/src/ipc/chromium/src/chrome/common/ipc_channel_win.cc, line 346
[Child 9412, Chrome_ChildThread] WARNING: pipe error: 109: file z:/build/build/src/ipc/chromium/src/chrome/common/ipc_channel_win.cc, 1548516699697	Marionette	INFO	Stopped listening on port 61144

###!!! [Child][MessageChannel::SendAndWait] Error: Channel error: cannot send/recv

1548516718702	mozrunner::runner	INFO	Running command: "C:\\Program Files\\Mozilla Firefox\\firefox.exe" "-marionette" "-foreground" "-no-remote" "-profile" "C:\\Users\\G7\\AppData\\Local\\Temp\\rust_mozprofile.taEjG4ZfJk4S"
1548516720094	addons.webextension.screenshots@mozilla.org	WARN	Loading extension 'screenshots@mozilla.org': Reading manifest: Invalid host permission: resource://pdf.js/
1548516720095	addons.webextension.screenshots@mozilla.org	WARN	Loading extension 'screenshots@mozilla.org': Reading manifest: Invalid host permission: about:reader*
1548516722693	Marionette	INFO	Listening on port 61213
1548516723061	Marionette	WARN	TLS certificate errors will be ignored for this session
JavaScript error: https://resources.g7s.huoyunren.com/??/js/libs/jquery-2.0.2.min.js,/js/libs/jquery-ui-1.10.3.min.js,/js/bootstrap/bootstrap.min.js,/js/yepnopejs/yepnope.1.5.4-min.js,/js/notification/SmartNotification.min.js,/js/smartwidgets/jarvis.widget.min.js,/js/plugin/easy-pie-chart/jquery.easy-pie-chart.min.js,/js/plugin/sparkline/jquery.sparkline.min.js,/js/plugin/jquery-validate/jquery.validate.min.js,/js/plugin/masked-input/jquery.maskedinput.min.js,/js/plugin/select2/select2.js,/js/plugin/bootstrap-slider/bootstrap-slider.min.js,/js/plugin/msie-fix/jquery.mb.browser.min.js,/js/plugin/smartclick/smartclick.js,/js/plugin/jquerycookie/jquery.cookie.js,/js/plugin/jquery-validate/jquery.validate.ext.js,/js/blackbirdjs/blackbird.js,/js/plugin/jquery-validate/messages_bs_zh.js,/js/plugin/blockui/jquery.blockUI.js,/js/plugin/iframeresizer/js/iframeResizer.contentWindow.min.js,/js/plugin/date/moment.js,/js/plugin/date/daterangepicker.js, line 28: TypeError: document.body is null
[Child 2748, Chrome_ChildThread] WARNING: pipe error: 109: file z:/build/build/src/ipc/chromium/src/chrome/common/ipc_channel_win.cc, line 346
[Parent 1688, Gecko_IOThread] WARNING: pipe error: 109: file z:/build/build/src/ipc/chromium/src/chrome/common/ipc_channel_win.cc, line 346
[Child 10028, Chrome_ChildThread] WARNING: pipe error: 109: file z:/build/build/src/ipc/chromium/src/chrome/common/ipc_channel_win.cc, line 346
[Child 10028[Child 4972, Chrome_ChildThread] WARNING: pipe error: 109: file z:/build/build/src/ipc/chromium/src/chrome/common/ipc_channel_win.cc, line 346
[Child 4972, Chrome_ChildThread] WARNING: pipe error: 109: file z:/build/build/src/ipc/chromium/src/chrome/common/ipc_channel_win.cc, line 346
1548516797880	Marionette	INFO	Stopped listening on port 61213

###!!! [Child][RunMessage] Error: Channel closing: too late to send/recv, messages will be lost

[GPU 9756, Chrome_ChildThread]
###!!! [Child][MessageChannel::SendAndWait] Error: Channel error: cannot send/recv

rt.min.js,/js/plugin/sparkline/jquery.sparkline.min.js,/js/plugin/jquery-validate/jquery.validate.min.js,/js/plugin/masked-input/jquery.maskedinput.min.js,/js/plugin/select2/select2.js,/js/plugin/bootstrap-slider/bootstrap-slider.min.js,/js/plugin/msie-fix/jquery.mb.browser.min.js,/js/plugin/smartclick/smartclick.js,/js/plugin/jquerycookie/jquery.cookie.js,/js/plugin/jquery-validate/jquery.validate.ext.js,/js/blackbirdjs/blackbird.js,/js/plugin/jquery-validate/messages_bs_zh.js,/js/plugin/blockui/jquery.blockUI.js,/js/plugin/iframeresizer/js/iframeResizer.contentWindow.min.js,/js/plugin/date/moment.js,/js/plugin/date/daterangepicker.js, line 28: TypeError: document.body is null
JavaScript error: http://g7s.truck.huoyunren.com/inside.php?t=json&m=index&f=setUserToken&_TOKEN=d64351348e9277d75d716885a68a2bff&orgroot=201L0L&_=1548516773490, line 1: SyntaxError: unexpected token: ':'
JavaScript error: http://g7s.dispatch.huoyunren.com/inside.php?t=json&m=index&f=setUserToken&_TOKEN=d64351348e9277d75d716885a68a2bff&orgroot=201L0L&_=1548516773494, line 1: SyntaxError: unexpected token: ':'
JavaScript error: http://g7s.e-bidding.huoyunren.com/inside.php?t=json&m=index&f=setUserToken&_TOKEN=d64351348e9277d75d716885a68a2bff&orgroot=201L0L&_=1548516773495, line 1: SyntaxError: unexpected token: ':'
JavaScript error: http://g7s.huoyunren.com/inside.php?t=json&m=index&f=setUserToken&_TOKEN=d64351348e9277d75d716885a68a2bff&orgroot=201L0L&_=1548516773508, line 1: SyntaxError: unexpected token: ':'
JavaScript error: http://g7s.huoyunren.com/inside.php?t=json&m=index&f=setUserToken&_TOKEN=d64351348e9277d75d716885a68a2bff&orgroot=201L0L&_=1548516773505, line 1: SyntaxError: unexpected token: ':'
JavaScript error: http://g7s.huoyunren.com/inside.php?t=json&m=index&f=setUserToken&_TOKEN=d64351348e9277d75d716885a68a2bff&orgroot=201L0L&_=1548516773510, line 1: SyntaxError: unexpected token: ':'
JavaScript error: http://g7s.joint.huoyunren.com/inside.php?t=json&m=index&f=setUserToken&_TOKEN=d64351348e9277d75d716885a68a2bff&orgroot=201L0L&_=1548516773492, line 1: SyntaxError: unexpected token: ':'
JavaScript error: http://g7s.api.huoyunren.com/inside.php?t=json&m=index&f=setUserToken&_TOKEN=d64351348e9277d75d716885a68a2bff&orgroot=201L0L&_=1548516773509, line 1: SyntaxError: unexpected token: ':'
JavaScript error: http://g7s.zpt.huoyunren.com/inside.php?t=json&m=index&f=setUserToken&_TOKEN=d64351348e9277d75d716885a68a2bff&orgroot=201L0L&_=1548516773493, line 1: SyntaxError: unexpected token: ':'
JavaScript error: http://yunli.g7.com.cn/inside.php?t=json&m=index&f=setUserToken&_TOKEN=d64351348e9277d75d716885a68a2bff&orgroot=201L0L&_=1548516773500, line 1: SyntaxError: unexpected token: ':'
JavaScript error: http://g7s.archives.huoyunren.com/inside.php?t=json&m=index&f=setUserToken&_TOKEN=d64351348e9277d75d716885a68a2bff&orgroot=201L0L&_=1548516773498, line 1: SyntaxError: unexpected token: ':'
JavaScript error: http://g7s.huoyunren.com/inside.php?t=json&m=index&f=setUserToken&_TOKEN=d64351348e9277d75d716885a68a2bff&orgroot=201L0L&_=1548516773512, line 1: SyntaxError: unexpected token: ':'
JavaScript error: http://g7s.huoyunren.com/inside.php?t=json&m=index&f=setUserToken&_TOKEN=d64351348e9277d75d716885a68a2bff&orgroot=201L0L&_=1548516773513, line 1: SyntaxError: unexpected token: ':'
JavaScript error: http://g7s.event.huoyunren.com/inside.php?t=json&m=index&f=setUserToken&_TOKEN=d64351348e9277d75d716885a68a2bff&orgroot=201L0L&_=1548516773503, line 1: SyntaxError: unexpected token: ':'
JavaScript error: http://cost.truck.g7s.huoyunren.com/inside.php?t=json&m=index&f=setUserToken&_TOKEN=d64351348e9277d75d716885a68a2bff&orgroot=201L0L&_=1548516773501, line 1: SyntaxError: unexpected token: ':'
JavaScript error: http://credit.g7s.huoyunren.com/inside.php?t=json&m=index&f=setUserToken&_TOKEN=d64351348e9277d75d716885a68a2bff&orgroot=201L0L&_=1548516773499, line 1: SyntaxError: unexpected token: ':'
JavaScript error: http://g7s.xhyr.huoyunren.com/inside.php?t=json&m=index&f=setUserToken&_TOKEN=d64351348e9277d75d716885a68a2bff&orgroot=201L0L&_=1548516773504, line 1: SyntaxError: expected expression, got '<'
JavaScript error: http://g7s.classline.huoyunren.com/inside.php?t=json&m=index&f=setUserToken&_TOKEN=d64351348e9277d75d716885a68a2bff&orgroot=201L0L&_=1548516773491, line 1: SyntaxError: unexpected token: ':'
JavaScript error: http://g7s.fuel.huoyunren.com/inside.php?t=json&m=index&f=setUserToken&_TOKEN=d64351348e9277d75d716885a68a2bff&orgroot=201L0L&_=1548516773502, line 1: SyntaxError: unexpected token: ':'
JavaScript error: http://insure.g7s.huoyunren.com/inside.php?t=json&m=index&f=setUserToken&_TOKEN=d64351348e9277d75d716885a68a2bff&orgroot=201L0L&_=1548516773507, line 1: SyntaxError: unexpected token: ':'
JavaScript error: http://g7s.truckmanager.huoyunren.com/inside.php?t=json&m=index&f=setUserToken&_TOKEN=d64351348e9277d75d716885a68a2bff&orgroot=201L0L&_=1548516773506, line 1: SyntaxError: unexpected token: ':'
JavaScript error: http://g7s.amazon.ctr.huoyunren.com/inside.php?t=json&m=index&f=setUserToken&_TOKEN=d64351348e9277d75d716885a68a2bff&orgroot=201L0L&_=1548516773511, line 1: SyntaxError: unexpected token: ':'
[Child 9704, Chrome_ChildThread] WARNING: pipe error: 109: file z:/build/build/src/ipc/chromium/src/chrome/common/ipc_channel_win.cc, line 346
[Child 9704, Chrome_ChildThread] WARNING: pipe error: 109: file z:/build/build/src/ipc/chromium/src/chrome/com[Parent 1188, Gecko_IOThread] WARNING: file z:/build/build/src/ipc/chromium/src/base/process_util_win.cc, line 188
[Parent 1188, Gecko_IOThread] WARNING: pipe error: 109: file z:/build/build/src/ipc/chromium/src/chrome/common/ipc_channel_win.cc, line 346
[Child 9228, Chrome_ChildThread] WARNING: pipe error: 109: file z:/build/build/src/ipc/chromium/src/chrome/common/ipc_channel_win.cc, line 346
[Chil1548516795585	Marionette	INFO	Stopped listening on port 61253

###!!! [Child][RunMessage] Error: Channel closing: too late to send/recv, messages will be lost

[GPU 10180, Chro
###!!! [Child][MessageChannel::SendAndWait] Error: Channel error: cannot send/recv

1548516868357	mozrunner::runner	INFO	Running command: "C:\\Program Files\\Mozilla Firefox\\firefox.exe" "-marionette" "-foreground" "-no-remote" "-profile" "C:\\Users\\G7\\AppData\\Local\\Temp\\rust_mozprofile.I0FlgYgL2HNU"
1548516869396	addons.webextension.screenshots@mozilla.org	WARN	Loading extension 'screenshots@mozilla.org': Reading manifest: Invalid host permission: resource://pdf.js/
1548516869396	addons.webextension.screenshots@mozilla.org	WARN	Loading extension 'screenshots@mozilla.org': Reading manifest: Invalid host permission: about:reader*
1548516871551	Marionette	INFO	Listening on port 54895
1548516871600	Marionette	WARN	TLS certificate errors will be ignored for this session
JavaScript error: https://resources.g7s.huoyunren.com/??/js/libs/jquery-2.0.2.min.js,/js/libs/jquery-ui-1.10.3.min.js,/js/bootstrap/bootstrap.min.js,/js/yepnopejs/yepnope.1.5.4-min.js,/js/notification/SmartNotification.min.js,/js/smartwidgets/jarvis.widget.min.js,/js/plugin/easy-pie-chart/jquery.easy-pie-chart.min.js,/js/plugin/sparkline/jquery.sparkline.min.js,/js/plugin/jquery-validate/jquery.validate.min.js,/js/plugin/masked-input/jquery.maskedinput.min.js,/js/plugin/select2/select2.js,/js/plugin/bootstrap-slider/bootstrap-slider.min.js,/js/plugin/msie-fix/jquery.mb.browser.min.js,/js/plugin/smartclick/smartclick.js,/js/plugin/jquerycookie/jquery.cookie.js,/js/plugin/jquery-validate/jquery.validate.ext.js,/js/blackbirdjs/blackbird.js,/js/plugin/jquery-validate/messages_bs_zh.js,/js/plugin/blockui/jquery.blockUI.js,/js/plugin/iframeresizer/js/iframeResizer.contentWindow.min.js,/js/plugin/date/moment.js,/js/plugin/date/daterangepicker.js, line 28: TypeError: document.body is null
[Child 6732, Chrome_ChildThread] WARNING: pipe error: 109: file z:/build/build/src/ipc/chromium/src/chrome/common/ipc_channel_win.cc, line 346
1548516906993	Marionette	INFO	Stopped listening on port 54895
[GPU 5400, Chrome1548516907103	addons.webextension.screenshots@mozilla.org	WARN	Loading extension 'screenshots@mozilla.org': Reading manifest: Invalid host permission: resource://pdf.js/
1548516907104	addons.webextension.screenshots@mozilla.org	WARN	Loading extension 'screenshots@mozilla.org': Reading manifest: Invalid host permission: about:reader*
1548516909259	Marionette	INFO	Listening on port 54934
1548516909300	Marionette	WARN	TLS certificate errors will be ignored for this session
JavaScript error: https://resources.g7s.huoyunren.com/??/js/libs/jquery-2.0.2.min.js,/js/libs/jquery-ui-1.10.3.min.js,/js/bootstrap/bootstrap.min.js,/js/yepnopejs/yepnope.1.5.4-min.js,/js/notification/SmartNotification.min.js,/js/smartwidgets/jarvis.widget.min.js,/js/plugin/easy-pie-chart/jquery.easy-pie-chart.min.js,/js/plugin/sparkline/jquery.sparkline.min.js,/js/plugin/jquery-validate/jquery.validate.min.js,/js/plugin/masked-input/jquery.maskedinput.min.js,/js/plugin/select2/select2.js,/js/plugin/bootstrap-slider/bootstrap-slider.min.js,/js/plugin/msie-fix/jquery.mb.browser.min.js,/js/plugin/smartclick/smartclick.js,/js/plugin/jquerycookie/jquery.cookie.js,/js/plugin/jquery-validate/jquery.validate.ext.js,/js/blackbirdjs/blackbird.js,/js/plugin/jquery-validate/messages_bs_zh.js,/js/plugin/blockui/jquery.blockUI.js,/js/plugin/iframeresizer/js/iframeResizer.contentWindow.min.js,/js/plugin/date/moment.js,/js/plugin/date/daterangepicker.js, line 28: TypeError: document.body is null
JavaScript error: http://g7s.e-bidding.huoyunren.com/inside.php?t=json&m=index&f=setUserToken&_TOKEN=b141b542bca3a8e184e8c3085fda5aee&orgroot=201L0L&_=1548516911492, line 1: SyntaxError: unexpected token: ':'
JavaScript error: http://g7s.dispatch.huoyunren.com/inside.php?t=json&m=index&f=setUserToken&_TOKEN=b141b542bca3a8e184e8c3085fda5aee&orgroot=201L0L&_=1548516911491, line 1: SyntaxError: unexpected token: ':'
JavaScript error: http://yunli.g7.com.cn/inside.php?t=json&m=index&f=setUserToken&_TOKEN=b141b542bca3a8e184e8c3085fda5aee&orgroot=201L0L&_=1548516911497, line 1: SyntaxError: unexpected token: ':'
JavaScript error: http://g7s.archives.huoyunren.com/inside.php?t=json&m=index&f=setUserToken&_TOKEN=b141b542bca3a8e184e8c3085fda5aee&orgroot=201L0L&_=1548516911495, line 1: SyntaxError: unexpected token: ':'
JavaScript error: http://g7s.truck.huoyunren.com/inside.php?t=json&m=index&f=setUserToken&_TOKEN=b141b542bca3a8e184e8c3085fda5aee&orgroot=201L0L&_=1548516911487, line 1: SyntaxError: unexpected token: ':'
JavaScript error: http://cost.truck.g7s.huoyunren.com/inside.php?t=json&m=index&f=setUserToken&_TOKEN=b141b542bca3a8e184e8c3085fda5aee&orgroot=201L0L&_=1548516911498, line 1: SyntaxError: unexpected token: ':'
JavaScript error: http://g7s.fuel.huoyunren.com/inside.php?t=json&m=index&f=setUserToken&_TOKEN=b141b542bca3a8e184e8c3085fda5aee&orgroot=201L0L&_=1548516911499, line 1: SyntaxError: unexpected token: ':'
JavaScript error: http://g7s.classline.huoyunren.com/inside.php?t=json&m=index&f=setUserToken&_TOKEN=b141b542bca3a8e184e8c3085fda5aee&orgroot=201L0L&_=1548516911488, line 1: SyntaxError: unexpected token: ':'
JavaScript error: http://g7s.zpt.huoyunren.com/inside.php?t=json&m=index&f=setUserToken&_TOKEN=b141b542bca3a8e184e8c3085fda5aee&orgroot=201L0L&_=1548516911490, line 1: SyntaxError: unexpected token: ':'
JavaScript error: http://g7s.api.huoyunren.com/inside.php?t=json&m=index&f=setUserToken&_TOKEN=b141b542bca3a8e184e8c3085fda5aee&orgroot=201L0L&_=1548516911506, line 1: SyntaxError: unexpected token: ':'
JavaScript error: http://credit.g7s.huoyunren.com/inside.php?t=json&m=index&f=setUserToken&_TOKEN=b141b542bca3a8e184e8c3085fda5aee&orgroot=201L0L&_=1548516911496, line 1: SyntaxError: unexpected token: ':'
JavaScript error: http://g7s.huoyunren.com/inside.php?t=json&m=index&f=setUserToken&_TOKEN=b141b542bca3a8e184e8c3085fda5aee&orgroot=201L0L&_=1548516911505, line 1: SyntaxError: unexpected token: ':'
JavaScript error: http://g7s.huoyunren.com/inside.php?t=json&m=index&f=setUserToken&_TOKEN=b141b542bca3a8e184e8c3085fda5aee&orgroot=201L0L&_=1548516911502, line 1: SyntaxError: unexpected token: ':'
JavaScript error: http://g7s.huoyunren.com/inside.php?t=json&m=index&f=setUserToken&_TOKEN=b141b542bca3a8e184e8c3085fda5aee&orgroot=201L0L&_=1548516911507, line 1: SyntaxError: unexpected token: ':'
JavaScript error: http://g7s.huoyunren.com/inside.php?t=json&m=index&f=setUserToken&_TOKEN=b141b542bca3a8e184e8c3085fda5aee&orgroot=201L0L&_=1548516911509, line 1: SyntaxError: unexpected token: ':'
JavaScript error: http://g7s.huoyunren.com/inside.php?t=json&m=index&f=setUserToken&_TOKEN=b141b542bca3a8e184e8c3085fda5aee&orgroot=201L0L&_=1548516911510, line 1: SyntaxError: unexpected token: ':'
JavaScript error: http://g7s.event.huoyunren.com/inside.php?t=json&m=index&f=setUserToken&_TOKEN=b141b542bca3a8e184e8c3085fda5aee&orgroot=201L0L&_=1548516911500, line 1: SyntaxError: unexpected token: ':'
JavaScript error: http://g7s.amazon.ctr.huoyunren.com/inside.php?t=json&m=index&f=setUserToken&_TOKEN=b141b542bca3a8e184e8c3085fda5aee&orgroot=201L0L&_=1548516911508, line 1: SyntaxError: unexpected token: ':'
JavaScript error: http://g7s.joint.huoyunren.com/inside.php?t=json&m=index&f=setUserToken&_TOKEN=b141b542bca3a8e184e8c3085fda5aee&orgroot=201L0L&_=1548516911489, line 1: SyntaxError: unexpected token: ':'
JavaScript error: http://g7s.truckmanager.huoyunren.com/inside.php?t=json&m=index&f=setUserToken&_TOKEN=b141b542bca3a8e184e8c3085fda5aee&orgroot=201L0L&_=1548516911503, line 1: SyntaxError: unexpected token: ':'
JavaScript error: http://insure.g7s.huoyunren.com/inside.php?t=json&m=index&f=setUserToken&_TOKEN=b141b542bca3a8e184e8c3085fda5aee&orgroot=201L0L&_=1548516911504, line 1: SyntaxError: unexpected token: ':'
JavaScript error: http://g7s.xhyr.huoyunren.com/inside.php?t=json&m=index&f=setUserToken&_TOKEN=b141b542bca3a8e184e8c3085fda5aee&orgroot=201L0L&_=1548516911501, line 1: SyntaxError: expected expression, got '<'
JavaScript error: https://resources.g7s.huoyunren.com/??/language/zh-cn.js,/js/libs/jquery-2.0.2.min.js,/js/libs/jquery-ui-1.10.3.min.js,/js/bootstrap/bootstrap.min.js,/js/yepnopejs/yepnope.1.5.4-min.js,/js/notification/SmartNotification.min.js,/js/smartwidgets/jarvis.widget.min.js,/js/plugin/easy-pie-chart/jquery.easy-pie-chart.min.js,/js/plugin/sparkline/jquery.sparkline.min.js,/js/plugin/jquery-validate/jquery.validate.min.js,/js/plugin/masked-input/jquery.maskedinput.min.js,/js/plugin/select2/select2.js,/js/plugin/bootstrap-slider/bootstrap-slider.min.js,/js/plugin/msie-fix/jquery.mb.browser.min.js,/js/plugin/smartclick/smartclick.js,/js/plugin/jquerycookie/jquery.cookie.js,/js/plugin/jquery-validate/jquery.validate.ext.js,/js/blackbirdjs/blackbird.js,/js/plugin/jquery-validate/messages_bs_zh.js,/js/plugin/blockui/jquery.blockUI.js,/js/plugin/iframeresizer/js/iframeResizer.contentWindow.min.js,/js/plugin/date/moment.js,/js/plugin/date/daterangepicker.js, line 81: TypeError: document.body is null
[Child 5828, Chrome_ChildThread] WARNING: pipe error: 109: file z:/build/build/src/ipc/chromium/src/chrome/common/ipc_channel_win.cc, line 346
[Child 5828, Chrome_ChildThread] WARNING: pipe error: 109: file z:/build/build/src/ipc/chromium/src/chrome/common/ipc_channel_win.cc, line 346
[Parent 9344, Gecko_IOThread] WARNING: pipe error: 109: file z:/build/build/src/ipc/chromium/src/chrome/common/ipc_channel_win.cc, line 346
[Child 8516, Chrome_ChildThread] WARNING: pipe error: 109: file z:/build/build/src/ipc/chromium/src/chrome/common/ipc_channel_win.cc, line 346
[Child 8516, Chrome_ChildThread] WARNING: pipe error: 109: file z:/build/build/src/ipc/chromium/src/chrome/common/ipc_channel_win.cc, line 346
1548517178498	Marionette	INFO	Stopped listening on port 54934
[GPU 4196, Chrome_ChildThread] WARNING: pipe error: 109: file z:/build/build/src/ipc/chromium/s
###!!! [Child][RunMessage] Error: Channel closing: too late to send/recv, messages will be lost


###!!! [Child][MessageChannel::SendAndWait] Error: Channel error: cannot send/recv

